{"contracts/facets/ChangeRewardsFacet.sol":{"l":{"10":1,"12":1,"13":1},"path":"/Users/ale/Desktop/sovreign-contracts/contracts/facets/ChangeRewardsFacet.sol","s":{"1":1,"2":1,"3":1},"b":{},"f":{"1":1},"fnMap":{"1":{"name":"changeRewardsAddress","line":9,"loc":{"start":{"line":9,"column":4},"end":{"line":14,"column":4}}}},"statementMap":{"1":{"start":{"line":10,"column":8},"end":{"line":10,"column":44}},"2":{"start":{"line":12,"column":8},"end":{"line":12,"column":75}},"3":{"start":{"line":13,"column":8},"end":{"line":13,"column":38}}},"branchMap":{}},"contracts/facets/DiamondCutFacet.sol":{"l":{"21":6,"23":5,"24":5,"25":5,"26":5,"27":5,"28":5,"30":5,"33":4,"35":4},"path":"/Users/ale/Desktop/sovreign-contracts/contracts/facets/DiamondCutFacet.sol","s":{"1":6,"2":5,"3":5,"4":5,"5":5,"6":5,"7":5,"8":5,"9":4,"10":4},"b":{},"f":{"1":6},"fnMap":{"1":{"name":"diamondCut","line":16,"loc":{"start":{"line":16,"column":4},"end":{"line":36,"column":4}}}},"statementMap":{"1":{"start":{"line":21,"column":8},"end":{"line":21,"column":44}},"2":{"start":{"line":23,"column":8},"end":{"line":23,"column":83}},"3":{"start":{"line":24,"column":8},"end":{"line":24,"column":999}},"4":{"start":{"line":25,"column":12},"end":{"line":25,"column":31}},"5":{"start":{"line":26,"column":12},"end":{"line":26,"column":54}},"6":{"start":{"line":27,"column":12},"end":{"line":27,"column":66}},"7":{"start":{"line":28,"column":12},"end":{"line":28,"column":76}},"8":{"start":{"line":30,"column":12},"end":{"line":30,"column":75}},"9":{"start":{"line":33,"column":8},"end":{"line":33,"column":54}},"10":{"start":{"line":35,"column":8},"end":{"line":35,"column":56}}},"branchMap":{}},"contracts/facets/DiamondLoupeFacet.sol":{"l":{"21":2,"22":2,"25":2,"28":2,"31":2,"34":2,"35":43,"36":43,"37":43,"40":43,"41":123,"42":36,"44":36,"45":36,"46":36,"47":36,"52":43,"53":36,"54":36,"58":7,"59":7,"60":7,"62":7,"63":7,"66":2,"67":7,"68":7,"70":7,"76":2,"85":3,"87":3,"88":3,"89":3,"92":3,"93":33,"94":33,"95":33,"96":11,"97":11,"102":3,"110":1,"112":1,"114":1,"115":1,"118":1,"119":11,"120":11,"121":11,"124":11,"125":20,"126":8,"127":8,"132":11,"133":8,"134":8,"138":3,"139":3,"143":1,"153":11,"154":11,"159":0,"160":0},"path":"/Users/ale/Desktop/sovreign-contracts/contracts/facets/DiamondLoupeFacet.sol","s":{"1":2,"2":2,"3":2,"4":2,"5":2,"6":2,"7":43,"8":43,"9":43,"10":43,"11":123,"12":36,"13":36,"14":36,"15":43,"16":36,"17":7,"18":7,"19":7,"20":7,"21":2,"22":7,"23":7,"24":3,"25":3,"26":3,"27":3,"28":3,"29":33,"30":33,"31":33,"32":11,"33":1,"34":1,"35":1,"36":1,"37":1,"38":11,"39":11,"40":11,"41":11,"42":20,"43":8,"44":11,"45":8,"46":3,"47":11,"48":11,"49":0,"50":0},"b":{"1":[36,87],"2":[36,0],"3":[36,7],"4":[11,22],"5":[8,12],"6":[8,3]},"f":{"1":2,"2":3,"3":1,"4":11,"5":0},"fnMap":{"1":{"name":"facets","line":20,"loc":{"start":{"line":20,"column":4},"end":{"line":79,"column":4}}},"2":{"name":"facetFunctionSelectors","line":84,"loc":{"start":{"line":84,"column":4},"end":{"line":105,"column":4}}},"3":{"name":"facetAddresses","line":109,"loc":{"start":{"line":109,"column":4},"end":{"line":146,"column":4}}},"4":{"name":"facetAddress","line":152,"loc":{"start":{"line":152,"column":4},"end":{"line":155,"column":4}}},"5":{"name":"supportsInterface","line":158,"loc":{"start":{"line":158,"column":4},"end":{"line":161,"column":4}}}},"statementMap":{"1":{"start":{"line":21,"column":8},"end":{"line":21,"column":88}},"2":{"start":{"line":22,"column":8},"end":{"line":22,"column":51}},"3":{"start":{"line":25,"column":8},"end":{"line":25,"column":43}},"4":{"start":{"line":28,"column":8},"end":{"line":28,"column":69}},"5":{"start":{"line":31,"column":8},"end":{"line":31,"column":25}},"6":{"start":{"line":34,"column":8},"end":{"line":34,"column":1248}},"7":{"start":{"line":35,"column":12},"end":{"line":35,"column":57}},"8":{"start":{"line":36,"column":12},"end":{"line":36,"column":68}},"9":{"start":{"line":37,"column":12},"end":{"line":37,"column":37}},"10":{"start":{"line":40,"column":12},"end":{"line":40,"column":1595}},"11":{"start":{"line":41,"column":16},"end":{"line":41,"column":1680}},"12":{"start":{"line":42,"column":20},"end":{"line":42,"column":98}},"13":{"start":{"line":44,"column":20},"end":{"line":44,"column":63}},"14":{"start":{"line":46,"column":20},"end":{"line":46,"column":38}},"15":{"start":{"line":52,"column":12},"end":{"line":52,"column":2243}},"16":{"start":{"line":53,"column":16},"end":{"line":53,"column":35}},"17":{"start":{"line":58,"column":12},"end":{"line":58,"column":58}},"18":{"start":{"line":59,"column":12},"end":{"line":59,"column":77}},"19":{"start":{"line":60,"column":12},"end":{"line":60,"column":61}},"20":{"start":{"line":62,"column":12},"end":{"line":62,"column":43}},"21":{"start":{"line":66,"column":8},"end":{"line":66,"column":2699}},"22":{"start":{"line":67,"column":12},"end":{"line":67,"column":64}},"23":{"start":{"line":68,"column":12},"end":{"line":68,"column":77}},"24":{"start":{"line":85,"column":8},"end":{"line":85,"column":88}},"25":{"start":{"line":87,"column":8},"end":{"line":87,"column":51}},"26":{"start":{"line":88,"column":8},"end":{"line":88,"column":28}},"27":{"start":{"line":89,"column":8},"end":{"line":89,"column":60}},"28":{"start":{"line":92,"column":8},"end":{"line":92,"column":3790}},"29":{"start":{"line":93,"column":12},"end":{"line":93,"column":57}},"30":{"start":{"line":94,"column":12},"end":{"line":94,"column":68}},"31":{"start":{"line":95,"column":12},"end":{"line":95,"column":4013}},"32":{"start":{"line":96,"column":16},"end":{"line":96,"column":63}},"33":{"start":{"line":110,"column":8},"end":{"line":110,"column":88}},"34":{"start":{"line":112,"column":8},"end":{"line":112,"column":51}},"35":{"start":{"line":114,"column":8},"end":{"line":114,"column":53}},"36":{"start":{"line":115,"column":8},"end":{"line":115,"column":25}},"37":{"start":{"line":118,"column":8},"end":{"line":118,"column":4841}},"38":{"start":{"line":119,"column":12},"end":{"line":119,"column":57}},"39":{"start":{"line":120,"column":12},"end":{"line":120,"column":68}},"40":{"start":{"line":121,"column":12},"end":{"line":121,"column":37}},"41":{"start":{"line":124,"column":12},"end":{"line":124,"column":5197}},"42":{"start":{"line":125,"column":16},"end":{"line":125,"column":5282}},"43":{"start":{"line":126,"column":20},"end":{"line":126,"column":38}},"44":{"start":{"line":132,"column":12},"end":{"line":132,"column":5503}},"45":{"start":{"line":133,"column":16},"end":{"line":133,"column":35}},"46":{"start":{"line":138,"column":12},"end":{"line":138,"column":53}},"47":{"start":{"line":153,"column":8},"end":{"line":153,"column":88}},"48":{"start":{"line":154,"column":8},"end":{"line":154,"column":64}},"49":{"start":{"line":159,"column":8},"end":{"line":159,"column":88}},"50":{"start":{"line":160,"column":8},"end":{"line":160,"column":51}}},"branchMap":{"1":{"line":41,"type":"if","locations":[{"start":{"line":41,"column":16},"end":{"line":41,"column":16}},{"start":{"line":41,"column":16},"end":{"line":41,"column":16}}]},"2":{"line":44,"type":"if","locations":[{"start":{"line":44,"column":20},"end":{"line":44,"column":20}},{"start":{"line":44,"column":20},"end":{"line":44,"column":20}}]},"3":{"line":52,"type":"if","locations":[{"start":{"line":52,"column":12},"end":{"line":52,"column":12}},{"start":{"line":52,"column":12},"end":{"line":52,"column":12}}]},"4":{"line":95,"type":"if","locations":[{"start":{"line":95,"column":12},"end":{"line":95,"column":12}},{"start":{"line":95,"column":12},"end":{"line":95,"column":12}}]},"5":{"line":125,"type":"if","locations":[{"start":{"line":125,"column":16},"end":{"line":125,"column":16}},{"start":{"line":125,"column":16},"end":{"line":125,"column":16}}]},"6":{"line":132,"type":"if","locations":[{"start":{"line":132,"column":12},"end":{"line":132,"column":12}},{"start":{"line":132,"column":12},"end":{"line":132,"column":12}}]}}},"contracts/facets/OwnershipFacet.sol":{"l":{"9":3,"10":2,"14":2},"path":"/Users/ale/Desktop/sovreign-contracts/contracts/facets/OwnershipFacet.sol","s":{"1":3,"2":2,"3":2},"b":{},"f":{"1":3,"2":2},"fnMap":{"1":{"name":"transferOwnership","line":8,"loc":{"start":{"line":8,"column":4},"end":{"line":11,"column":4}}},"2":{"name":"owner","line":13,"loc":{"start":{"line":13,"column":4},"end":{"line":15,"column":4}}}},"statementMap":{"1":{"start":{"line":9,"column":8},"end":{"line":9,"column":44}},"2":{"start":{"line":10,"column":8},"end":{"line":10,"column":47}},"3":{"start":{"line":14,"column":8},"end":{"line":14,"column":44}}},"branchMap":{}},"contracts/facets/ReignFacet.sol":{"l":{"39":1,"41":1,"43":1,"44":1,"46":1,"48":1,"49":1,"54":69,"56":68,"57":68,"58":68,"62":67,"63":66,"66":67,"67":67,"68":67,"70":67,"71":67,"72":3,"73":3,"78":3,"86":67,"88":67,"93":11,"94":10,"99":9,"100":9,"102":8,"106":8,"107":8,"110":8,"114":8,"116":8,"117":8,"118":2,"119":2,"124":2,"132":8,"134":8,"139":17,"140":17,"141":16,"143":15,"144":15,"146":15,"149":15,"154":14,"156":14,"160":1,"161":1,"166":27,"168":26,"169":26,"171":25,"173":25,"175":25,"176":25,"177":7,"179":7,"184":7,"192":25,"193":21,"194":21,"199":21,"207":25,"212":4,"217":127,"226":133,"228":133,"237":288,"238":288,"240":288,"241":76,"250":212,"251":212,"253":212,"254":205,"258":7,"259":9,"260":9,"261":2,"263":7,"267":7,"272":14,"281":40,"283":40,"286":40,"287":3,"289":37,"290":37,"291":37,"294":40,"296":40,"301":3,"307":83,"316":39,"325":79,"334":1,"344":2,"346":2,"351":13,"353":13,"358":100,"360":100,"369":162,"370":95,"373":67,"374":67,"376":67,"377":62,"381":5,"382":7,"383":7,"384":2,"386":5,"390":5,"398":39,"399":16,"402":23,"403":23,"404":3,"407":20,"417":75,"418":55,"427":20,"430":20,"431":2,"433":18,"452":14,"454":14,"455":13,"464":1,"475":25,"477":25,"478":22,"487":3,"496":33,"500":30,"504":3,"506":3,"512":75,"514":75,"519":73,"523":2,"525":2},"path":"/Users/ale/Desktop/sovreign-contracts/contracts/facets/ReignFacet.sol","s":{"1":1,"2":1,"3":1,"4":1,"5":1,"6":1,"7":1,"8":69,"9":68,"10":68,"11":68,"12":67,"13":66,"14":67,"15":67,"16":67,"17":67,"18":67,"19":3,"20":3,"21":3,"22":67,"23":67,"24":11,"25":10,"26":9,"27":9,"28":8,"29":8,"30":8,"31":8,"32":8,"33":8,"34":8,"35":2,"36":2,"37":2,"38":8,"39":8,"40":17,"41":17,"42":16,"43":15,"44":15,"45":15,"46":15,"47":14,"48":14,"49":1,"50":1,"51":27,"52":26,"53":26,"54":25,"55":25,"56":25,"57":25,"58":7,"59":7,"60":7,"61":25,"62":21,"63":21,"64":21,"65":25,"66":4,"67":127,"68":133,"69":133,"70":288,"71":288,"72":288,"73":76,"74":212,"75":212,"76":212,"77":205,"78":7,"79":9,"80":9,"81":2,"82":7,"83":7,"84":14,"85":40,"86":40,"87":40,"88":3,"89":37,"90":37,"91":37,"92":40,"93":40,"94":3,"95":83,"96":39,"97":79,"98":1,"99":2,"100":2,"101":13,"102":13,"103":100,"104":100,"105":162,"106":95,"107":67,"108":67,"109":67,"110":62,"111":5,"112":7,"113":7,"114":2,"115":5,"116":5,"117":39,"118":16,"119":23,"120":23,"121":3,"122":20,"123":75,"124":55,"125":20,"126":20,"127":2,"128":18,"129":14,"130":14,"131":13,"132":1,"133":25,"134":25,"135":22,"136":3,"137":33,"138":30,"139":3,"140":3,"141":75,"142":75,"143":73,"144":2,"145":2},"b":{"1":[1,0],"2":[1,0],"3":[68,1],"4":[67,1],"5":[66,1],"6":[3,64],"7":[10,1],"8":[9,1],"9":[8,1],"10":[8,0],"11":[2,6],"12":[17,0],"13":[16,1],"14":[15,1],"15":[14,1],"16":[26,1],"17":[25,1],"18":[7,18],"19":[21,4],"20":[76,212],"21":[205,7],"22":[2,7],"23":[3,37],"24":[95,67],"25":[62,5],"26":[2,5],"27":[16,23],"28":[3,20],"29":[55,20],"30":[2,18],"31":[13,1],"32":[22,3],"33":[30,3],"34":[73,2]},"f":{"1":1,"2":69,"3":11,"4":17,"5":1,"6":27,"7":4,"8":127,"9":133,"10":288,"11":14,"12":40,"13":3,"14":83,"15":39,"16":79,"17":1,"18":2,"19":13,"20":100,"21":162,"22":39,"23":75,"24":14,"25":25,"26":33,"27":75},"fnMap":{"1":{"name":"initReign","line":38,"loc":{"start":{"line":38,"column":4},"end":{"line":50,"column":4}}},"2":{"name":"deposit","line":53,"loc":{"start":{"line":53,"column":4},"end":{"line":89,"column":4}}},"3":{"name":"withdraw","line":92,"loc":{"start":{"line":92,"column":4},"end":{"line":135,"column":4}}},"4":{"name":"lock","line":138,"loc":{"start":{"line":138,"column":4},"end":{"line":157,"column":4}}},"5":{"name":"depositAndLock","line":159,"loc":{"start":{"line":159,"column":4},"end":{"line":162,"column":4}}},"6":{"name":"delegate","line":165,"loc":{"start":{"line":165,"column":4},"end":{"line":208,"column":4}}},"7":{"name":"stopDelegate","line":211,"loc":{"start":{"line":211,"column":4},"end":{"line":213,"column":4}}},"8":{"name":"balanceOf","line":216,"loc":{"start":{"line":216,"column":4},"end":{"line":218,"column":4}}},"9":{"name":"balanceAtTs","line":221,"loc":{"start":{"line":221,"column":4},"end":{"line":229,"column":4}}},"10":{"name":"stakeAtTs","line":232,"loc":{"start":{"line":232,"column":4},"end":{"line":268,"column":4}}},"11":{"name":"votingPower","line":271,"loc":{"start":{"line":271,"column":4},"end":{"line":273,"column":4}}},"12":{"name":"votingPowerAtTs","line":276,"loc":{"start":{"line":276,"column":4},"end":{"line":297,"column":4}}},"13":{"name":"bondStaked","line":300,"loc":{"start":{"line":300,"column":4},"end":{"line":302,"column":4}}},"14":{"name":"bondStakedAtTs","line":306,"loc":{"start":{"line":306,"column":4},"end":{"line":312,"column":4}}},"15":{"name":"delegatedPower","line":315,"loc":{"start":{"line":315,"column":4},"end":{"line":317,"column":4}}},"16":{"name":"delegatedPowerAtTs","line":320,"loc":{"start":{"line":320,"column":4},"end":{"line":330,"column":4}}},"17":{"name":"multiplierOf","line":333,"loc":{"start":{"line":333,"column":4},"end":{"line":335,"column":4}}},"18":{"name":"multiplierAtTs","line":339,"loc":{"start":{"line":339,"column":4},"end":{"line":347,"column":4}}},"19":{"name":"userLockedUntil","line":350,"loc":{"start":{"line":350,"column":4},"end":{"line":354,"column":4}}},"20":{"name":"userDelegatedTo","line":357,"loc":{"start":{"line":357,"column":4},"end":{"line":361,"column":4}}},"21":{"name":"_checkpointsBinarySearch","line":365,"loc":{"start":{"line":365,"column":4},"end":{"line":391,"column":4}}},"22":{"name":"_stakeMultiplier","line":394,"loc":{"start":{"line":394,"column":4},"end":{"line":408,"column":4}}},"23":{"name":"_updateUserBalance","line":413,"loc":{"start":{"line":413,"column":4},"end":{"line":443,"column":4}}},"24":{"name":"_updateUserLock","line":448,"loc":{"start":{"line":448,"column":4},"end":{"line":466,"column":4}}},"25":{"name":"_updateUserDelegatedTo","line":471,"loc":{"start":{"line":471,"column":4},"end":{"line":489,"column":4}}},"26":{"name":"_updateDelegatedPower","line":492,"loc":{"start":{"line":492,"column":4},"end":{"line":508,"column":4}}},"27":{"name":"_updateLockedBond","line":511,"loc":{"start":{"line":511,"column":4},"end":{"line":527,"column":4}}}},"statementMap":{"1":{"start":{"line":39,"column":8},"end":{"line":39,"column":67}},"2":{"start":{"line":41,"column":8},"end":{"line":41,"column":75}},"3":{"start":{"line":43,"column":8},"end":{"line":43,"column":61}},"4":{"start":{"line":44,"column":8},"end":{"line":44,"column":44}},"5":{"start":{"line":46,"column":8},"end":{"line":46,"column":28}},"6":{"start":{"line":48,"column":8},"end":{"line":48,"column":30}},"7":{"start":{"line":49,"column":8},"end":{"line":49,"column":38}},"8":{"start":{"line":54,"column":8},"end":{"line":54,"column":59}},"9":{"start":{"line":56,"column":8},"end":{"line":56,"column":75}},"10":{"start":{"line":57,"column":8},"end":{"line":57,"column":72}},"11":{"start":{"line":58,"column":8},"end":{"line":58,"column":64}},"12":{"start":{"line":62,"column":8},"end":{"line":62,"column":2105}},"13":{"start":{"line":63,"column":12},"end":{"line":63,"column":52}},"14":{"start":{"line":66,"column":8},"end":{"line":66,"column":62}},"15":{"start":{"line":67,"column":8},"end":{"line":67,"column":70}},"16":{"start":{"line":68,"column":8},"end":{"line":68,"column":69}},"17":{"start":{"line":70,"column":8},"end":{"line":70,"column":57}},"18":{"start":{"line":71,"column":8},"end":{"line":71,"column":2489}},"19":{"start":{"line":72,"column":12},"end":{"line":72,"column":79}},"20":{"start":{"line":73,"column":12},"end":{"line":73,"column":2619}},"21":{"start":{"line":78,"column":12},"end":{"line":78,"column":2760}},"22":{"start":{"line":86,"column":8},"end":{"line":86,"column":62}},"23":{"start":{"line":88,"column":8},"end":{"line":88,"column":52}},"24":{"start":{"line":93,"column":8},"end":{"line":93,"column":59}},"25":{"start":{"line":94,"column":8},"end":{"line":94,"column":3247}},"26":{"start":{"line":99,"column":8},"end":{"line":99,"column":47}},"27":{"start":{"line":100,"column":8},"end":{"line":100,"column":57}},"28":{"start":{"line":102,"column":8},"end":{"line":102,"column":75}},"29":{"start":{"line":106,"column":8},"end":{"line":106,"column":3704}},"30":{"start":{"line":107,"column":12},"end":{"line":107,"column":52}},"31":{"start":{"line":110,"column":8},"end":{"line":110,"column":3819}},"32":{"start":{"line":114,"column":8},"end":{"line":114,"column":69}},"33":{"start":{"line":116,"column":8},"end":{"line":116,"column":57}},"34":{"start":{"line":117,"column":8},"end":{"line":117,"column":4067}},"35":{"start":{"line":118,"column":12},"end":{"line":118,"column":79}},"36":{"start":{"line":119,"column":12},"end":{"line":119,"column":4197}},"37":{"start":{"line":124,"column":12},"end":{"line":124,"column":4338}},"38":{"start":{"line":132,"column":8},"end":{"line":132,"column":43}},"39":{"start":{"line":134,"column":8},"end":{"line":134,"column":62}},"40":{"start":{"line":139,"column":8},"end":{"line":139,"column":78}},"41":{"start":{"line":140,"column":8},"end":{"line":140,"column":76}},"42":{"start":{"line":141,"column":8},"end":{"line":141,"column":66}},"43":{"start":{"line":143,"column":8},"end":{"line":143,"column":75}},"44":{"start":{"line":144,"column":8},"end":{"line":144,"column":5116}},"45":{"start":{"line":146,"column":8},"end":{"line":146,"column":5219}},"46":{"start":{"line":149,"column":8},"end":{"line":149,"column":5283}},"47":{"start":{"line":154,"column":8},"end":{"line":154,"column":46}},"48":{"start":{"line":156,"column":8},"end":{"line":156,"column":40}},"49":{"start":{"line":160,"column":8},"end":{"line":160,"column":22}},"50":{"start":{"line":161,"column":8},"end":{"line":161,"column":22}},"51":{"start":{"line":166,"column":8},"end":{"line":166,"column":58}},"52":{"start":{"line":168,"column":8},"end":{"line":168,"column":53}},"53":{"start":{"line":169,"column":8},"end":{"line":169,"column":59}},"54":{"start":{"line":171,"column":8},"end":{"line":171,"column":75}},"55":{"start":{"line":173,"column":8},"end":{"line":173,"column":37}},"56":{"start":{"line":175,"column":8},"end":{"line":175,"column":57}},"57":{"start":{"line":176,"column":8},"end":{"line":176,"column":6131}},"58":{"start":{"line":177,"column":12},"end":{"line":177,"column":6230}},"59":{"start":{"line":179,"column":12},"end":{"line":179,"column":6284}},"60":{"start":{"line":184,"column":12},"end":{"line":184,"column":6425}},"61":{"start":{"line":192,"column":8},"end":{"line":192,"column":6606}},"62":{"start":{"line":193,"column":12},"end":{"line":193,"column":77}},"63":{"start":{"line":194,"column":12},"end":{"line":194,"column":6725}},"64":{"start":{"line":199,"column":12},"end":{"line":199,"column":6857}},"65":{"start":{"line":207,"column":8},"end":{"line":207,"column":66}},"66":{"start":{"line":212,"column":8},"end":{"line":212,"column":35}},"67":{"start":{"line":217,"column":8},"end":{"line":217,"column":49}},"68":{"start":{"line":226,"column":8},"end":{"line":226,"column":71}},"69":{"start":{"line":228,"column":8},"end":{"line":228,"column":27}},"70":{"start":{"line":237,"column":8},"end":{"line":237,"column":75}},"71":{"start":{"line":238,"column":8},"end":{"line":238,"column":80}},"72":{"start":{"line":240,"column":8},"end":{"line":240,"column":8175}},"73":{"start":{"line":241,"column":12},"end":{"line":241,"column":8269}},"74":{"start":{"line":250,"column":8},"end":{"line":250,"column":23}},"75":{"start":{"line":251,"column":8},"end":{"line":251,"column":45}},"76":{"start":{"line":253,"column":8},"end":{"line":253,"column":8545}},"77":{"start":{"line":254,"column":12},"end":{"line":254,"column":36}},"78":{"start":{"line":258,"column":8},"end":{"line":258,"column":8701}},"79":{"start":{"line":259,"column":12},"end":{"line":259,"column":45}},"80":{"start":{"line":260,"column":12},"end":{"line":260,"column":8784}},"81":{"start":{"line":261,"column":16},"end":{"line":261,"column":24}},"82":{"start":{"line":263,"column":16},"end":{"line":263,"column":28}},"83":{"start":{"line":267,"column":8},"end":{"line":267,"column":32}},"84":{"start":{"line":272,"column":8},"end":{"line":272,"column":53}},"85":{"start":{"line":281,"column":8},"end":{"line":281,"column":71}},"86":{"start":{"line":283,"column":8},"end":{"line":283,"column":30}},"87":{"start":{"line":286,"column":8},"end":{"line":286,"column":9691}},"88":{"start":{"line":287,"column":12},"end":{"line":287,"column":29}},"89":{"start":{"line":289,"column":12},"end":{"line":289,"column":42}},"90":{"start":{"line":290,"column":12},"end":{"line":290,"column":67}},"91":{"start":{"line":291,"column":12},"end":{"line":291,"column":72}},"92":{"start":{"line":294,"column":8},"end":{"line":294,"column":74}},"93":{"start":{"line":296,"column":8},"end":{"line":296,"column":55}},"94":{"start":{"line":301,"column":8},"end":{"line":301,"column":46}},"95":{"start":{"line":307,"column":8},"end":{"line":307,"column":10542}},"96":{"start":{"line":316,"column":8},"end":{"line":316,"column":56}},"97":{"start":{"line":325,"column":8},"end":{"line":325,"column":11178}},"98":{"start":{"line":334,"column":8},"end":{"line":334,"column":52}},"99":{"start":{"line":344,"column":8},"end":{"line":344,"column":71}},"100":{"start":{"line":346,"column":8},"end":{"line":346,"column":49}},"101":{"start":{"line":351,"column":8},"end":{"line":351,"column":73}},"102":{"start":{"line":353,"column":8},"end":{"line":353,"column":32}},"103":{"start":{"line":358,"column":8},"end":{"line":358,"column":73}},"104":{"start":{"line":360,"column":8},"end":{"line":360,"column":28}},"105":{"start":{"line":369,"column":8},"end":{"line":369,"column":12889}},"106":{"start":{"line":370,"column":12},"end":{"line":370,"column":20}},"107":{"start":{"line":373,"column":8},"end":{"line":373,"column":23}},"108":{"start":{"line":374,"column":8},"end":{"line":374,"column":44}},"109":{"start":{"line":376,"column":8},"end":{"line":376,"column":13073}},"110":{"start":{"line":377,"column":12},"end":{"line":377,"column":42}},"111":{"start":{"line":381,"column":8},"end":{"line":381,"column":13234}},"112":{"start":{"line":382,"column":12},"end":{"line":382,"column":45}},"113":{"start":{"line":383,"column":12},"end":{"line":383,"column":13317}},"114":{"start":{"line":384,"column":16},"end":{"line":384,"column":24}},"115":{"start":{"line":386,"column":16},"end":{"line":386,"column":28}},"116":{"start":{"line":390,"column":8},"end":{"line":390,"column":38}},"117":{"start":{"line":398,"column":8},"end":{"line":398,"column":13753}},"118":{"start":{"line":399,"column":12},"end":{"line":399,"column":34}},"119":{"start":{"line":402,"column":8},"end":{"line":402,"column":56}},"120":{"start":{"line":403,"column":8},"end":{"line":403,"column":13908}},"121":{"start":{"line":404,"column":12},"end":{"line":404,"column":41}},"122":{"start":{"line":407,"column":8},"end":{"line":407,"column":75}},"123":{"start":{"line":417,"column":8},"end":{"line":417,"column":14394}},"124":{"start":{"line":418,"column":12},"end":{"line":418,"column":14441}},"125":{"start":{"line":427,"column":12},"end":{"line":427,"column":14732}},"126":{"start":{"line":430,"column":12},"end":{"line":430,"column":14795}},"127":{"start":{"line":431,"column":16},"end":{"line":431,"column":34}},"128":{"start":{"line":433,"column":16},"end":{"line":433,"column":14913}},"129":{"start":{"line":452,"column":8},"end":{"line":452,"column":79}},"130":{"start":{"line":454,"column":8},"end":{"line":454,"column":15638}},"131":{"start":{"line":455,"column":12},"end":{"line":455,"column":15693}},"132":{"start":{"line":464,"column":12},"end":{"line":464,"column":48}},"133":{"start":{"line":475,"column":8},"end":{"line":475,"column":79}},"134":{"start":{"line":477,"column":8},"end":{"line":477,"column":16456}},"135":{"start":{"line":478,"column":12},"end":{"line":478,"column":16511}},"136":{"start":{"line":487,"column":12},"end":{"line":487,"column":31}},"137":{"start":{"line":496,"column":8},"end":{"line":496,"column":17036}},"138":{"start":{"line":500,"column":12},"end":{"line":500,"column":17184}},"139":{"start":{"line":504,"column":12},"end":{"line":504,"column":17353}},"140":{"start":{"line":506,"column":12},"end":{"line":506,"column":30}},"141":{"start":{"line":512,"column":8},"end":{"line":512,"column":75}},"142":{"start":{"line":514,"column":8},"end":{"line":514,"column":17676}},"143":{"start":{"line":519,"column":12},"end":{"line":519,"column":17863}},"144":{"start":{"line":523,"column":12},"end":{"line":523,"column":18059}},"145":{"start":{"line":525,"column":12},"end":{"line":525,"column":30}}},"branchMap":{"1":{"line":39,"type":"if","locations":[{"start":{"line":39,"column":8},"end":{"line":39,"column":8}},{"start":{"line":39,"column":8},"end":{"line":39,"column":8}}]},"2":{"line":43,"type":"if","locations":[{"start":{"line":43,"column":8},"end":{"line":43,"column":8}},{"start":{"line":43,"column":8},"end":{"line":43,"column":8}}]},"3":{"line":54,"type":"if","locations":[{"start":{"line":54,"column":8},"end":{"line":54,"column":8}},{"start":{"line":54,"column":8},"end":{"line":54,"column":8}}]},"4":{"line":58,"type":"if","locations":[{"start":{"line":58,"column":8},"end":{"line":58,"column":8}},{"start":{"line":58,"column":8},"end":{"line":58,"column":8}}]},"5":{"line":62,"type":"if","locations":[{"start":{"line":62,"column":8},"end":{"line":62,"column":8}},{"start":{"line":62,"column":8},"end":{"line":62,"column":8}}]},"6":{"line":71,"type":"if","locations":[{"start":{"line":71,"column":8},"end":{"line":71,"column":8}},{"start":{"line":71,"column":8},"end":{"line":71,"column":8}}]},"7":{"line":93,"type":"if","locations":[{"start":{"line":93,"column":8},"end":{"line":93,"column":8}},{"start":{"line":93,"column":8},"end":{"line":93,"column":8}}]},"8":{"line":94,"type":"if","locations":[{"start":{"line":94,"column":8},"end":{"line":94,"column":8}},{"start":{"line":94,"column":8},"end":{"line":94,"column":8}}]},"9":{"line":100,"type":"if","locations":[{"start":{"line":100,"column":8},"end":{"line":100,"column":8}},{"start":{"line":100,"column":8},"end":{"line":100,"column":8}}]},"10":{"line":106,"type":"if","locations":[{"start":{"line":106,"column":8},"end":{"line":106,"column":8}},{"start":{"line":106,"column":8},"end":{"line":106,"column":8}}]},"11":{"line":117,"type":"if","locations":[{"start":{"line":117,"column":8},"end":{"line":117,"column":8}},{"start":{"line":117,"column":8},"end":{"line":117,"column":8}}]},"12":{"line":139,"type":"if","locations":[{"start":{"line":139,"column":8},"end":{"line":139,"column":8}},{"start":{"line":139,"column":8},"end":{"line":139,"column":8}}]},"13":{"line":140,"type":"if","locations":[{"start":{"line":140,"column":8},"end":{"line":140,"column":8}},{"start":{"line":140,"column":8},"end":{"line":140,"column":8}}]},"14":{"line":141,"type":"if","locations":[{"start":{"line":141,"column":8},"end":{"line":141,"column":8}},{"start":{"line":141,"column":8},"end":{"line":141,"column":8}}]},"15":{"line":149,"type":"if","locations":[{"start":{"line":149,"column":8},"end":{"line":149,"column":8}},{"start":{"line":149,"column":8},"end":{"line":149,"column":8}}]},"16":{"line":166,"type":"if","locations":[{"start":{"line":166,"column":8},"end":{"line":166,"column":8}},{"start":{"line":166,"column":8},"end":{"line":166,"column":8}}]},"17":{"line":169,"type":"if","locations":[{"start":{"line":169,"column":8},"end":{"line":169,"column":8}},{"start":{"line":169,"column":8},"end":{"line":169,"column":8}}]},"18":{"line":176,"type":"if","locations":[{"start":{"line":176,"column":8},"end":{"line":176,"column":8}},{"start":{"line":176,"column":8},"end":{"line":176,"column":8}}]},"19":{"line":192,"type":"if","locations":[{"start":{"line":192,"column":8},"end":{"line":192,"column":8}},{"start":{"line":192,"column":8},"end":{"line":192,"column":8}}]},"20":{"line":240,"type":"if","locations":[{"start":{"line":240,"column":8},"end":{"line":240,"column":8}},{"start":{"line":240,"column":8},"end":{"line":240,"column":8}}]},"21":{"line":253,"type":"if","locations":[{"start":{"line":253,"column":8},"end":{"line":253,"column":8}},{"start":{"line":253,"column":8},"end":{"line":253,"column":8}}]},"22":{"line":260,"type":"if","locations":[{"start":{"line":260,"column":12},"end":{"line":260,"column":12}},{"start":{"line":260,"column":12},"end":{"line":260,"column":12}}]},"23":{"line":286,"type":"if","locations":[{"start":{"line":286,"column":8},"end":{"line":286,"column":8}},{"start":{"line":286,"column":8},"end":{"line":286,"column":8}}]},"24":{"line":369,"type":"if","locations":[{"start":{"line":369,"column":8},"end":{"line":369,"column":8}},{"start":{"line":369,"column":8},"end":{"line":369,"column":8}}]},"25":{"line":376,"type":"if","locations":[{"start":{"line":376,"column":8},"end":{"line":376,"column":8}},{"start":{"line":376,"column":8},"end":{"line":376,"column":8}}]},"26":{"line":383,"type":"if","locations":[{"start":{"line":383,"column":12},"end":{"line":383,"column":12}},{"start":{"line":383,"column":12},"end":{"line":383,"column":12}}]},"27":{"line":398,"type":"if","locations":[{"start":{"line":398,"column":8},"end":{"line":398,"column":8}},{"start":{"line":398,"column":8},"end":{"line":398,"column":8}}]},"28":{"line":403,"type":"if","locations":[{"start":{"line":403,"column":8},"end":{"line":403,"column":8}},{"start":{"line":403,"column":8},"end":{"line":403,"column":8}}]},"29":{"line":417,"type":"if","locations":[{"start":{"line":417,"column":8},"end":{"line":417,"column":8}},{"start":{"line":417,"column":8},"end":{"line":417,"column":8}}]},"30":{"line":430,"type":"if","locations":[{"start":{"line":430,"column":12},"end":{"line":430,"column":12}},{"start":{"line":430,"column":12},"end":{"line":430,"column":12}}]},"31":{"line":454,"type":"if","locations":[{"start":{"line":454,"column":8},"end":{"line":454,"column":8}},{"start":{"line":454,"column":8},"end":{"line":454,"column":8}}]},"32":{"line":477,"type":"if","locations":[{"start":{"line":477,"column":8},"end":{"line":477,"column":8}},{"start":{"line":477,"column":8},"end":{"line":477,"column":8}}]},"33":{"line":496,"type":"if","locations":[{"start":{"line":496,"column":8},"end":{"line":496,"column":8}},{"start":{"line":496,"column":8},"end":{"line":496,"column":8}}]},"34":{"line":514,"type":"if","locations":[{"start":{"line":514,"column":8},"end":{"line":514,"column":8}},{"start":{"line":514,"column":8},"end":{"line":514,"column":8}}]}}},"contracts/governance/Bridge.sol":{"l":{"16":36,"17":36,"19":36,"29":6,"30":6,"40":21,"42":21,"46":21,"51":21,"53":21,"55":21,"56":1,"58":20,"65":21,"67":21,"69":18,"79":99},"path":"/Users/ale/Desktop/sovreign-contracts/contracts/governance/Bridge.sol","s":{"1":36,"2":36,"3":36,"4":6,"5":6,"6":21,"7":21,"8":21,"9":21,"10":21,"11":21,"12":1,"13":20,"14":21,"15":21,"16":18,"17":99},"b":{"1":[21,0],"2":[21,0],"3":[1,20],"4":[18,3]},"f":{"1":36,"2":6,"3":21,"4":99},"fnMap":{"1":{"name":"queueTransaction","line":9,"loc":{"start":{"line":9,"column":4},"end":{"line":20,"column":4}}},"2":{"name":"cancelTransaction","line":22,"loc":{"start":{"line":22,"column":4},"end":{"line":31,"column":4}}},"3":{"name":"executeTransaction","line":33,"loc":{"start":{"line":33,"column":4},"end":{"line":70,"column":4}}},"4":{"name":"_getTxHash","line":72,"loc":{"start":{"line":72,"column":4},"end":{"line":80,"column":4}}}},"statementMap":{"1":{"start":{"line":16,"column":8},"end":{"line":16,"column":72}},"2":{"start":{"line":17,"column":8},"end":{"line":17,"column":40}},"3":{"start":{"line":19,"column":8},"end":{"line":19,"column":21}},"4":{"start":{"line":29,"column":8},"end":{"line":29,"column":72}},"5":{"start":{"line":30,"column":8},"end":{"line":30,"column":41}},"6":{"start":{"line":40,"column":8},"end":{"line":40,"column":72}},"7":{"start":{"line":42,"column":8},"end":{"line":42,"column":1123}},"8":{"start":{"line":46,"column":8},"end":{"line":46,"column":1261}},"9":{"start":{"line":51,"column":8},"end":{"line":51,"column":41}},"10":{"start":{"line":53,"column":8},"end":{"line":53,"column":29}},"11":{"start":{"line":55,"column":8},"end":{"line":55,"column":1481}},"12":{"start":{"line":56,"column":12},"end":{"line":56,"column":26}},"13":{"start":{"line":58,"column":12},"end":{"line":58,"column":1579}},"14":{"start":{"line":65,"column":8},"end":{"line":65,"column":1810}},"15":{"start":{"line":67,"column":8},"end":{"line":67,"column":43}},"16":{"start":{"line":69,"column":8},"end":{"line":69,"column":25}},"17":{"start":{"line":79,"column":8},"end":{"line":79,"column":73}}},"branchMap":{"1":{"line":42,"type":"if","locations":[{"start":{"line":42,"column":8},"end":{"line":42,"column":8}},{"start":{"line":42,"column":8},"end":{"line":42,"column":8}}]},"2":{"line":46,"type":"if","locations":[{"start":{"line":46,"column":8},"end":{"line":46,"column":8}},{"start":{"line":46,"column":8},"end":{"line":46,"column":8}}]},"3":{"line":55,"type":"if","locations":[{"start":{"line":55,"column":8},"end":{"line":55,"column":8}},{"start":{"line":55,"column":8},"end":{"line":55,"column":8}}]},"4":{"line":67,"type":"if","locations":[{"start":{"line":67,"column":8},"end":{"line":67,"column":8}},{"start":{"line":67,"column":8},"end":{"line":67,"column":8}}]}}},"contracts/governance/Governance.sol":{"l":{"119":1,"120":1,"122":1,"123":1,"127":5,"128":4,"130":3,"143":50,"144":0,"145":0,"148":50,"152":49,"156":45,"157":44,"158":43,"159":42,"162":41,"163":41,"164":4,"167":38,"168":38,"169":38,"170":38,"171":38,"172":38,"173":38,"174":38,"175":38,"176":38,"177":38,"178":38,"179":38,"180":38,"181":38,"182":38,"183":38,"185":38,"186":38,"188":38,"190":38,"194":26,"196":26,"197":26,"198":26,"200":26,"201":36,"206":36,"209":26,"213":14,"215":11,"216":11,"218":11,"219":21,"222":8,"226":15,"227":6,"229":5,"230":5,"232":5,"233":5,"236":5,"240":94,"242":92,"243":92,"246":92,"248":91,"249":91,"252":90,"253":5,"254":0,"256":5,"260":90,"261":68,"263":22,"266":90,"267":90,"268":90,"270":90,"274":1,"276":1,"277":1,"279":1,"281":1,"283":1,"284":1,"286":0,"289":1,"290":1,"291":1,"293":1,"304":25,"305":16,"310":15,"312":15,"313":14,"315":14,"316":14,"317":14,"319":14,"324":3,"326":1,"328":1,"330":1,"332":1,"333":1,"336":1,"340":27,"342":26,"343":26,"348":24,"349":24,"354":23,"355":23,"358":22,"359":1,"360":1,"362":0,"366":22,"367":16,"369":6,"372":22,"373":22,"374":22,"376":22,"380":4,"382":4,"383":4,"385":4,"390":2,"392":2,"394":1,"395":1,"397":0,"400":1,"401":1,"402":1,"404":1,"412":270,"414":269,"416":269,"417":4,"420":265,"421":9,"424":256,"425":15,"428":241,"429":111,"432":130,"434":9,"437":121,"438":35,"441":86,"442":55,"445":31,"446":3,"449":28,"450":23,"453":5,"457":0,"461":3,"465":0,"474":0,"475":0,"479":1,"481":1,"489":6,"491":6,"494":5,"497":1,"501":15,"503":15,"507":4,"509":4,"517":14,"521":125,"525":68,"532":223,"536":131,"540":31,"541":31,"543":31,"544":24,"547":7},"path":"/Users/ale/Desktop/sovreign-contracts/contracts/governance/Governance.sol","s":{"1":1,"2":1,"3":1,"4":1,"5":5,"6":4,"7":3,"8":50,"9":0,"10":0,"11":50,"12":49,"13":45,"14":44,"15":43,"16":42,"17":41,"18":41,"19":4,"20":38,"21":38,"22":38,"23":38,"24":38,"25":38,"26":38,"27":38,"28":38,"29":38,"30":38,"31":38,"32":38,"33":38,"34":38,"35":38,"36":38,"37":38,"38":38,"39":38,"40":38,"41":26,"42":26,"43":26,"44":26,"45":26,"46":36,"47":36,"48":26,"49":14,"50":11,"51":11,"52":11,"53":21,"54":8,"55":15,"56":6,"57":5,"58":5,"59":5,"60":5,"61":5,"62":94,"63":92,"64":92,"65":92,"66":91,"67":91,"68":90,"69":5,"70":0,"71":5,"72":90,"73":68,"74":22,"75":90,"76":90,"77":90,"78":90,"79":1,"80":1,"81":1,"82":1,"83":1,"84":1,"85":1,"86":0,"87":1,"88":1,"89":1,"90":1,"91":25,"92":16,"93":15,"94":15,"95":14,"96":14,"97":14,"98":14,"99":14,"100":3,"101":1,"102":1,"103":1,"104":1,"105":1,"106":1,"107":27,"108":26,"109":26,"110":24,"111":24,"112":23,"113":23,"114":22,"115":1,"116":1,"117":0,"118":22,"119":16,"120":6,"121":22,"122":22,"123":22,"124":22,"125":4,"126":4,"127":4,"128":4,"129":2,"130":2,"131":1,"132":1,"133":0,"134":1,"135":1,"136":1,"137":1,"138":270,"139":269,"140":269,"141":4,"142":265,"143":9,"144":256,"145":15,"146":241,"147":111,"148":130,"149":9,"150":121,"151":35,"152":86,"153":55,"154":31,"155":3,"156":28,"157":23,"158":5,"159":0,"160":3,"161":0,"162":0,"163":0,"164":1,"165":1,"166":6,"167":6,"168":5,"169":1,"170":15,"171":15,"172":4,"173":4,"174":14,"175":125,"176":68,"177":223,"178":131,"179":31,"180":31,"181":31,"182":24,"183":7},"b":{"1":[1,0],"2":[1,0],"3":[4,1],"4":[3,1],"5":[0,50],"6":[0,0],"7":[49,1],"8":[45,4],"9":[44,1],"10":[43,1],"11":[42,1],"12":[41,1],"13":[4,37],"14":[1,3],"15":[26,0],"16":[36,0],"17":[11,3],"18":[6,9],"19":[5,1],"20":[92,2],"21":[91,1],"22":[90,1],"23":[5,85],"24":[0,5],"25":[68,22],"26":[1,0],"27":[1,0],"28":[1,0],"29":[16,9],"30":[15,1],"31":[14,1],"32":[14,0],"33":[1,2],"34":[1,0],"35":[26,1],"36":[24,2],"37":[23,1],"38":[22,1],"39":[1,21],"40":[1,0],"41":[16,6],"42":[4,0],"43":[2,2],"44":[1,1],"45":[1,0],"46":[269,1],"47":[4,265],"48":[9,256],"49":[15,241],"50":[111,130],"51":[9,121],"52":[35,86],"53":[55,31],"54":[3,28],"55":[23,5],"56":[1,0],"57":[5,1],"58":[24,7]},"f":{"1":1,"2":5,"3":50,"4":26,"5":14,"6":15,"7":94,"8":1,"9":25,"10":3,"11":27,"12":4,"13":270,"14":0,"15":3,"16":0,"17":0,"18":1,"19":6,"20":15,"21":4,"22":14,"23":125,"24":68,"25":223,"26":131,"27":31},"fnMap":{"1":{"name":"initialize","line":118,"loc":{"start":{"line":118,"column":4},"end":{"line":124,"column":4}}},"2":{"name":"activate","line":126,"loc":{"start":{"line":126,"column":4},"end":{"line":131,"column":4}}},"3":{"name":"propose","line":133,"loc":{"start":{"line":133,"column":4},"end":{"line":191,"column":4}}},"4":{"name":"queue","line":193,"loc":{"start":{"line":193,"column":4},"end":{"line":210,"column":4}}},"5":{"name":"execute","line":212,"loc":{"start":{"line":212,"column":4},"end":{"line":223,"column":4}}},"6":{"name":"cancelProposal","line":225,"loc":{"start":{"line":225,"column":4},"end":{"line":237,"column":4}}},"7":{"name":"castVote","line":239,"loc":{"start":{"line":239,"column":4},"end":{"line":271,"column":4}}},"8":{"name":"cancelVote","line":273,"loc":{"start":{"line":273,"column":4},"end":{"line":294,"column":4}}},"9":{"name":"startAbrogationProposal","line":303,"loc":{"start":{"line":303,"column":4},"end":{"line":320,"column":4}}},"10":{"name":"abrogateProposal","line":323,"loc":{"start":{"line":323,"column":4},"end":{"line":337,"column":4}}},"11":{"name":"abrogationProposal_castVote","line":339,"loc":{"start":{"line":339,"column":4},"end":{"line":377,"column":4}}},"12":{"name":"abrogationProposal_cancelVote","line":379,"loc":{"start":{"line":379,"column":4},"end":{"line":405,"column":4}}},"13":{"name":"state","line":411,"loc":{"start":{"line":411,"column":4},"end":{"line":454,"column":4}}},"14":{"name":"getReceipt","line":456,"loc":{"start":{"line":456,"column":4},"end":{"line":458,"column":4}}},"15":{"name":"getProposalParameters","line":460,"loc":{"start":{"line":460,"column":4},"end":{"line":462,"column":4}}},"16":{"name":"getAbrogationProposalReceipt","line":464,"loc":{"start":{"line":464,"column":4},"end":{"line":466,"column":4}}},"17":{"name":"getActions","line":468,"loc":{"start":{"line":468,"column":4},"end":{"line":476,"column":4}}},"18":{"name":"getProposalQuorum","line":478,"loc":{"start":{"line":478,"column":4},"end":{"line":482,"column":4}}},"19":{"name":"_canCancelProposal","line":488,"loc":{"start":{"line":488,"column":4},"end":{"line":498,"column":4}}},"20":{"name":"_isCancellableState","line":500,"loc":{"start":{"line":500,"column":4},"end":{"line":504,"column":4}}},"21":{"name":"_isLiveState","line":506,"loc":{"start":{"line":506,"column":4},"end":{"line":514,"column":4}}},"22":{"name":"_canBeExecuted","line":516,"loc":{"start":{"line":516,"column":4},"end":{"line":518,"column":4}}},"23":{"name":"_getMinForVotes","line":520,"loc":{"start":{"line":520,"column":4},"end":{"line":522,"column":4}}},"24":{"name":"_getCreationThreshold","line":524,"loc":{"start":{"line":524,"column":4},"end":{"line":526,"column":4}}},"25":{"name":"_getSnapshotTimestamp","line":531,"loc":{"start":{"line":531,"column":4},"end":{"line":533,"column":4}}},"26":{"name":"_getQuorum","line":535,"loc":{"start":{"line":535,"column":4},"end":{"line":537,"column":4}}},"27":{"name":"_proposalAbrogated","line":539,"loc":{"start":{"line":539,"column":4},"end":{"line":548,"column":4}}}},"statementMap":{"1":{"start":{"line":119,"column":8},"end":{"line":119,"column":71}},"2":{"start":{"line":120,"column":8},"end":{"line":120,"column":64}},"3":{"start":{"line":122,"column":8},"end":{"line":122,"column":32}},"4":{"start":{"line":123,"column":8},"end":{"line":123,"column":27}},"5":{"start":{"line":127,"column":8},"end":{"line":127,"column":47}},"6":{"start":{"line":128,"column":8},"end":{"line":128,"column":83}},"7":{"start":{"line":130,"column":8},"end":{"line":130,"column":22}},"8":{"start":{"line":143,"column":8},"end":{"line":143,"column":4356}},"9":{"start":{"line":144,"column":12},"end":{"line":144,"column":84}},"10":{"start":{"line":145,"column":12},"end":{"line":145,"column":26}},"11":{"start":{"line":148,"column":8},"end":{"line":148,"column":4508}},"12":{"start":{"line":152,"column":8},"end":{"line":152,"column":4672}},"13":{"start":{"line":156,"column":8},"end":{"line":156,"column":59}},"14":{"start":{"line":157,"column":8},"end":{"line":157,"column":84}},"15":{"start":{"line":158,"column":8},"end":{"line":158,"column":63}},"16":{"start":{"line":159,"column":8},"end":{"line":159,"column":75}},"17":{"start":{"line":162,"column":8},"end":{"line":162,"column":66}},"18":{"start":{"line":163,"column":8},"end":{"line":163,"column":5293}},"19":{"start":{"line":164,"column":12},"end":{"line":164,"column":95}},"20":{"start":{"line":167,"column":8},"end":{"line":167,"column":50}},"21":{"start":{"line":168,"column":8},"end":{"line":168,"column":63}},"22":{"start":{"line":169,"column":8},"end":{"line":169,"column":37}},"23":{"start":{"line":170,"column":8},"end":{"line":170,"column":40}},"24":{"start":{"line":171,"column":8},"end":{"line":171,"column":44}},"25":{"start":{"line":172,"column":8},"end":{"line":172,"column":32}},"26":{"start":{"line":173,"column":8},"end":{"line":173,"column":36}},"27":{"start":{"line":174,"column":8},"end":{"line":174,"column":34}},"28":{"start":{"line":175,"column":8},"end":{"line":175,"column":42}},"29":{"start":{"line":176,"column":8},"end":{"line":176,"column":40}},"30":{"start":{"line":177,"column":8},"end":{"line":177,"column":51}},"31":{"start":{"line":178,"column":8},"end":{"line":178,"column":61}},"32":{"start":{"line":179,"column":8},"end":{"line":179,"column":61}},"33":{"start":{"line":180,"column":8},"end":{"line":180,"column":59}},"34":{"start":{"line":181,"column":8},"end":{"line":181,"column":71}},"35":{"start":{"line":182,"column":8},"end":{"line":182,"column":71}},"36":{"start":{"line":183,"column":8},"end":{"line":183,"column":51}},"37":{"start":{"line":185,"column":8},"end":{"line":185,"column":37}},"38":{"start":{"line":186,"column":8},"end":{"line":186,"column":52}},"39":{"start":{"line":188,"column":8},"end":{"line":188,"column":43}},"40":{"start":{"line":190,"column":8},"end":{"line":190,"column":28}},"41":{"start":{"line":194,"column":8},"end":{"line":194,"column":109}},"42":{"start":{"line":196,"column":8},"end":{"line":196,"column":57}},"43":{"start":{"line":197,"column":8},"end":{"line":197,"column":151}},"44":{"start":{"line":198,"column":8},"end":{"line":198,"column":25}},"45":{"start":{"line":200,"column":8},"end":{"line":200,"column":6915}},"46":{"start":{"line":201,"column":12},"end":{"line":201,"column":6987}},"47":{"start":{"line":206,"column":12},"end":{"line":206,"column":120}},"48":{"start":{"line":209,"column":8},"end":{"line":209,"column":56}},"49":{"start":{"line":213,"column":8},"end":{"line":213,"column":64}},"50":{"start":{"line":215,"column":8},"end":{"line":215,"column":57}},"51":{"start":{"line":216,"column":8},"end":{"line":216,"column":31}},"52":{"start":{"line":218,"column":8},"end":{"line":218,"column":7633}},"53":{"start":{"line":219,"column":12},"end":{"line":219,"column":131}},"54":{"start":{"line":222,"column":8},"end":{"line":222,"column":53}},"55":{"start":{"line":226,"column":8},"end":{"line":226,"column":101}},"56":{"start":{"line":227,"column":8},"end":{"line":227,"column":83}},"57":{"start":{"line":229,"column":8},"end":{"line":229,"column":57}},"58":{"start":{"line":230,"column":8},"end":{"line":230,"column":31}},"59":{"start":{"line":232,"column":8},"end":{"line":232,"column":8246}},"60":{"start":{"line":233,"column":12},"end":{"line":233,"column":130}},"61":{"start":{"line":236,"column":8},"end":{"line":236,"column":53}},"62":{"start":{"line":240,"column":8},"end":{"line":240,"column":77}},"63":{"start":{"line":242,"column":8},"end":{"line":242,"column":57}},"64":{"start":{"line":243,"column":8},"end":{"line":243,"column":63}},"65":{"start":{"line":246,"column":8},"end":{"line":246,"column":120}},"66":{"start":{"line":248,"column":8},"end":{"line":248,"column":90}},"67":{"start":{"line":249,"column":8},"end":{"line":249,"column":44}},"68":{"start":{"line":252,"column":8},"end":{"line":252,"column":9126}},"69":{"start":{"line":253,"column":12},"end":{"line":253,"column":9166}},"70":{"start":{"line":254,"column":16},"end":{"line":254,"column":71}},"71":{"start":{"line":256,"column":16},"end":{"line":256,"column":79}},"72":{"start":{"line":260,"column":8},"end":{"line":260,"column":9395}},"73":{"start":{"line":261,"column":12},"end":{"line":261,"column":59}},"74":{"start":{"line":263,"column":12},"end":{"line":263,"column":67}},"75":{"start":{"line":266,"column":8},"end":{"line":266,"column":30}},"76":{"start":{"line":267,"column":8},"end":{"line":267,"column":28}},"77":{"start":{"line":268,"column":8},"end":{"line":268,"column":32}},"78":{"start":{"line":270,"column":8},"end":{"line":270,"column":57}},"79":{"start":{"line":274,"column":8},"end":{"line":274,"column":77}},"80":{"start":{"line":276,"column":8},"end":{"line":276,"column":57}},"81":{"start":{"line":277,"column":8},"end":{"line":277,"column":63}},"82":{"start":{"line":279,"column":8},"end":{"line":279,"column":90}},"83":{"start":{"line":281,"column":8},"end":{"line":281,"column":66}},"84":{"start":{"line":283,"column":8},"end":{"line":283,"column":10166}},"85":{"start":{"line":284,"column":12},"end":{"line":284,"column":59}},"86":{"start":{"line":286,"column":12},"end":{"line":286,"column":67}},"87":{"start":{"line":289,"column":8},"end":{"line":289,"column":31}},"88":{"start":{"line":290,"column":8},"end":{"line":290,"column":24}},"89":{"start":{"line":291,"column":8},"end":{"line":291,"column":30}},"90":{"start":{"line":293,"column":8},"end":{"line":293,"column":49}},"91":{"start":{"line":304,"column":8},"end":{"line":304,"column":86}},"92":{"start":{"line":305,"column":8},"end":{"line":305,"column":11227}},"93":{"start":{"line":310,"column":8},"end":{"line":310,"column":71}},"94":{"start":{"line":312,"column":8},"end":{"line":312,"column":72}},"95":{"start":{"line":313,"column":8},"end":{"line":313,"column":75}},"96":{"start":{"line":315,"column":8},"end":{"line":315,"column":38}},"97":{"start":{"line":316,"column":8},"end":{"line":316,"column":30}},"98":{"start":{"line":317,"column":8},"end":{"line":317,"column":35}},"99":{"start":{"line":319,"column":8},"end":{"line":319,"column":62}},"100":{"start":{"line":324,"column":8},"end":{"line":324,"column":83}},"101":{"start":{"line":326,"column":8},"end":{"line":326,"column":57}},"102":{"start":{"line":328,"column":8},"end":{"line":328,"column":65}},"103":{"start":{"line":330,"column":8},"end":{"line":330,"column":31}},"104":{"start":{"line":332,"column":8},"end":{"line":332,"column":12203}},"105":{"start":{"line":333,"column":12},"end":{"line":333,"column":130}},"106":{"start":{"line":336,"column":8},"end":{"line":336,"column":63}},"107":{"start":{"line":340,"column":8},"end":{"line":340,"column":85}},"108":{"start":{"line":342,"column":8},"end":{"line":342,"column":87}},"109":{"start":{"line":343,"column":8},"end":{"line":343,"column":12745}},"110":{"start":{"line":348,"column":8},"end":{"line":348,"column":73}},"111":{"start":{"line":349,"column":8},"end":{"line":349,"column":12987}},"112":{"start":{"line":354,"column":8},"end":{"line":354,"column":92}},"113":{"start":{"line":355,"column":8},"end":{"line":355,"column":44}},"114":{"start":{"line":358,"column":8},"end":{"line":358,"column":13324}},"115":{"start":{"line":359,"column":12},"end":{"line":359,"column":13364}},"116":{"start":{"line":360,"column":16},"end":{"line":360,"column":91}},"117":{"start":{"line":362,"column":16},"end":{"line":362,"column":99}},"118":{"start":{"line":366,"column":8},"end":{"line":366,"column":13633}},"119":{"start":{"line":367,"column":12},"end":{"line":367,"column":79}},"120":{"start":{"line":369,"column":12},"end":{"line":369,"column":87}},"121":{"start":{"line":372,"column":8},"end":{"line":372,"column":30}},"122":{"start":{"line":373,"column":8},"end":{"line":373,"column":28}},"123":{"start":{"line":374,"column":8},"end":{"line":374,"column":32}},"124":{"start":{"line":376,"column":8},"end":{"line":376,"column":75}},"125":{"start":{"line":380,"column":8},"end":{"line":380,"column":85}},"126":{"start":{"line":382,"column":8},"end":{"line":382,"column":87}},"127":{"start":{"line":383,"column":8},"end":{"line":383,"column":73}},"128":{"start":{"line":385,"column":8},"end":{"line":385,"column":14366}},"129":{"start":{"line":390,"column":8},"end":{"line":390,"column":92}},"130":{"start":{"line":392,"column":8},"end":{"line":392,"column":66}},"131":{"start":{"line":394,"column":8},"end":{"line":394,"column":14698}},"132":{"start":{"line":395,"column":12},"end":{"line":395,"column":79}},"133":{"start":{"line":397,"column":12},"end":{"line":397,"column":87}},"134":{"start":{"line":400,"column":8},"end":{"line":400,"column":31}},"135":{"start":{"line":401,"column":8},"end":{"line":401,"column":24}},"136":{"start":{"line":402,"column":8},"end":{"line":402,"column":30}},"137":{"start":{"line":404,"column":8},"end":{"line":404,"column":68}},"138":{"start":{"line":412,"column":8},"end":{"line":412,"column":85}},"139":{"start":{"line":414,"column":8},"end":{"line":414,"column":57}},"140":{"start":{"line":416,"column":8},"end":{"line":416,"column":15561}},"141":{"start":{"line":417,"column":12},"end":{"line":417,"column":41}},"142":{"start":{"line":420,"column":8},"end":{"line":420,"column":15648}},"143":{"start":{"line":421,"column":12},"end":{"line":421,"column":41}},"144":{"start":{"line":424,"column":8},"end":{"line":424,"column":15735}},"145":{"start":{"line":425,"column":12},"end":{"line":425,"column":39}},"146":{"start":{"line":428,"column":8},"end":{"line":428,"column":15878}},"147":{"start":{"line":429,"column":12},"end":{"line":429,"column":39}},"148":{"start":{"line":432,"column":8},"end":{"line":432,"column":16058}},"149":{"start":{"line":434,"column":12},"end":{"line":434,"column":39}},"150":{"start":{"line":437,"column":8},"end":{"line":437,"column":16255}},"151":{"start":{"line":438,"column":12},"end":{"line":438,"column":41}},"152":{"start":{"line":441,"column":8},"end":{"line":441,"column":16342}},"153":{"start":{"line":442,"column":12},"end":{"line":442,"column":39}},"154":{"start":{"line":445,"column":8},"end":{"line":445,"column":16440}},"155":{"start":{"line":446,"column":12},"end":{"line":446,"column":42}},"156":{"start":{"line":449,"column":8},"end":{"line":449,"column":16541}},"157":{"start":{"line":450,"column":12},"end":{"line":450,"column":38}},"158":{"start":{"line":453,"column":8},"end":{"line":453,"column":36}},"159":{"start":{"line":457,"column":8},"end":{"line":457,"column":52}},"160":{"start":{"line":461,"column":8},"end":{"line":461,"column":47}},"161":{"start":{"line":465,"column":8},"end":{"line":465,"column":62}},"162":{"start":{"line":474,"column":8},"end":{"line":474,"column":50}},"163":{"start":{"line":475,"column":8},"end":{"line":475,"column":63}},"164":{"start":{"line":479,"column":8},"end":{"line":479,"column":85}},"165":{"start":{"line":481,"column":8},"end":{"line":481,"column":48}},"166":{"start":{"line":489,"column":8},"end":{"line":489,"column":57}},"167":{"start":{"line":491,"column":8},"end":{"line":491,"column":18183}},"168":{"start":{"line":494,"column":12},"end":{"line":494,"column":23}},"169":{"start":{"line":497,"column":8},"end":{"line":497,"column":20}},"170":{"start":{"line":501,"column":8},"end":{"line":501,"column":43}},"171":{"start":{"line":503,"column":8},"end":{"line":503,"column":69}},"172":{"start":{"line":507,"column":8},"end":{"line":507,"column":43}},"173":{"start":{"line":509,"column":8},"end":{"line":509,"column":18737}},"174":{"start":{"line":517,"column":8},"end":{"line":517,"column":55}},"175":{"start":{"line":521,"column":8},"end":{"line":521,"column":112}},"176":{"start":{"line":525,"column":8},"end":{"line":525,"column":42}},"177":{"start":{"line":532,"column":8},"end":{"line":532,"column":71}},"178":{"start":{"line":536,"column":8},"end":{"line":536,"column":112}},"179":{"start":{"line":540,"column":8},"end":{"line":540,"column":50}},"180":{"start":{"line":541,"column":8},"end":{"line":541,"column":71}},"181":{"start":{"line":543,"column":8},"end":{"line":543,"column":20282}},"182":{"start":{"line":544,"column":12},"end":{"line":544,"column":24}},"183":{"start":{"line":547,"column":8},"end":{"line":547,"column":76}}},"branchMap":{"1":{"line":119,"type":"if","locations":[{"start":{"line":119,"column":8},"end":{"line":119,"column":8}},{"start":{"line":119,"column":8},"end":{"line":119,"column":8}}]},"2":{"line":120,"type":"if","locations":[{"start":{"line":120,"column":8},"end":{"line":120,"column":8}},{"start":{"line":120,"column":8},"end":{"line":120,"column":8}}]},"3":{"line":127,"type":"if","locations":[{"start":{"line":127,"column":8},"end":{"line":127,"column":8}},{"start":{"line":127,"column":8},"end":{"line":127,"column":8}}]},"4":{"line":128,"type":"if","locations":[{"start":{"line":128,"column":8},"end":{"line":128,"column":8}},{"start":{"line":128,"column":8},"end":{"line":128,"column":8}}]},"5":{"line":143,"type":"if","locations":[{"start":{"line":143,"column":8},"end":{"line":143,"column":8}},{"start":{"line":143,"column":8},"end":{"line":143,"column":8}}]},"6":{"line":144,"type":"if","locations":[{"start":{"line":144,"column":12},"end":{"line":144,"column":12}},{"start":{"line":144,"column":12},"end":{"line":144,"column":12}}]},"7":{"line":148,"type":"if","locations":[{"start":{"line":148,"column":8},"end":{"line":148,"column":8}},{"start":{"line":148,"column":8},"end":{"line":148,"column":8}}]},"8":{"line":152,"type":"if","locations":[{"start":{"line":152,"column":8},"end":{"line":152,"column":8}},{"start":{"line":152,"column":8},"end":{"line":152,"column":8}}]},"9":{"line":156,"type":"if","locations":[{"start":{"line":156,"column":8},"end":{"line":156,"column":8}},{"start":{"line":156,"column":8},"end":{"line":156,"column":8}}]},"10":{"line":157,"type":"if","locations":[{"start":{"line":157,"column":8},"end":{"line":157,"column":8}},{"start":{"line":157,"column":8},"end":{"line":157,"column":8}}]},"11":{"line":158,"type":"if","locations":[{"start":{"line":158,"column":8},"end":{"line":158,"column":8}},{"start":{"line":158,"column":8},"end":{"line":158,"column":8}}]},"12":{"line":159,"type":"if","locations":[{"start":{"line":159,"column":8},"end":{"line":159,"column":8}},{"start":{"line":159,"column":8},"end":{"line":159,"column":8}}]},"13":{"line":163,"type":"if","locations":[{"start":{"line":163,"column":8},"end":{"line":163,"column":8}},{"start":{"line":163,"column":8},"end":{"line":163,"column":8}}]},"14":{"line":164,"type":"if","locations":[{"start":{"line":164,"column":12},"end":{"line":164,"column":12}},{"start":{"line":164,"column":12},"end":{"line":164,"column":12}}]},"15":{"line":194,"type":"if","locations":[{"start":{"line":194,"column":8},"end":{"line":194,"column":8}},{"start":{"line":194,"column":8},"end":{"line":194,"column":8}}]},"16":{"line":201,"type":"if","locations":[{"start":{"line":201,"column":12},"end":{"line":201,"column":12}},{"start":{"line":201,"column":12},"end":{"line":201,"column":12}}]},"17":{"line":213,"type":"if","locations":[{"start":{"line":213,"column":8},"end":{"line":213,"column":8}},{"start":{"line":213,"column":8},"end":{"line":213,"column":8}}]},"18":{"line":226,"type":"if","locations":[{"start":{"line":226,"column":8},"end":{"line":226,"column":8}},{"start":{"line":226,"column":8},"end":{"line":226,"column":8}}]},"19":{"line":227,"type":"if","locations":[{"start":{"line":227,"column":8},"end":{"line":227,"column":8}},{"start":{"line":227,"column":8},"end":{"line":227,"column":8}}]},"20":{"line":240,"type":"if","locations":[{"start":{"line":240,"column":8},"end":{"line":240,"column":8}},{"start":{"line":240,"column":8},"end":{"line":240,"column":8}}]},"21":{"line":246,"type":"if","locations":[{"start":{"line":246,"column":8},"end":{"line":246,"column":8}},{"start":{"line":246,"column":8},"end":{"line":246,"column":8}}]},"22":{"line":249,"type":"if","locations":[{"start":{"line":249,"column":8},"end":{"line":249,"column":8}},{"start":{"line":249,"column":8},"end":{"line":249,"column":8}}]},"23":{"line":252,"type":"if","locations":[{"start":{"line":252,"column":8},"end":{"line":252,"column":8}},{"start":{"line":252,"column":8},"end":{"line":252,"column":8}}]},"24":{"line":253,"type":"if","locations":[{"start":{"line":253,"column":12},"end":{"line":253,"column":12}},{"start":{"line":253,"column":12},"end":{"line":253,"column":12}}]},"25":{"line":260,"type":"if","locations":[{"start":{"line":260,"column":8},"end":{"line":260,"column":8}},{"start":{"line":260,"column":8},"end":{"line":260,"column":8}}]},"26":{"line":274,"type":"if","locations":[{"start":{"line":274,"column":8},"end":{"line":274,"column":8}},{"start":{"line":274,"column":8},"end":{"line":274,"column":8}}]},"27":{"line":281,"type":"if","locations":[{"start":{"line":281,"column":8},"end":{"line":281,"column":8}},{"start":{"line":281,"column":8},"end":{"line":281,"column":8}}]},"28":{"line":283,"type":"if","locations":[{"start":{"line":283,"column":8},"end":{"line":283,"column":8}},{"start":{"line":283,"column":8},"end":{"line":283,"column":8}}]},"29":{"line":304,"type":"if","locations":[{"start":{"line":304,"column":8},"end":{"line":304,"column":8}},{"start":{"line":304,"column":8},"end":{"line":304,"column":8}}]},"30":{"line":305,"type":"if","locations":[{"start":{"line":305,"column":8},"end":{"line":305,"column":8}},{"start":{"line":305,"column":8},"end":{"line":305,"column":8}}]},"31":{"line":312,"type":"if","locations":[{"start":{"line":312,"column":8},"end":{"line":312,"column":8}},{"start":{"line":312,"column":8},"end":{"line":312,"column":8}}]},"32":{"line":313,"type":"if","locations":[{"start":{"line":313,"column":8},"end":{"line":313,"column":8}},{"start":{"line":313,"column":8},"end":{"line":313,"column":8}}]},"33":{"line":324,"type":"if","locations":[{"start":{"line":324,"column":8},"end":{"line":324,"column":8}},{"start":{"line":324,"column":8},"end":{"line":324,"column":8}}]},"34":{"line":328,"type":"if","locations":[{"start":{"line":328,"column":8},"end":{"line":328,"column":8}},{"start":{"line":328,"column":8},"end":{"line":328,"column":8}}]},"35":{"line":340,"type":"if","locations":[{"start":{"line":340,"column":8},"end":{"line":340,"column":8}},{"start":{"line":340,"column":8},"end":{"line":340,"column":8}}]},"36":{"line":343,"type":"if","locations":[{"start":{"line":343,"column":8},"end":{"line":343,"column":8}},{"start":{"line":343,"column":8},"end":{"line":343,"column":8}}]},"37":{"line":349,"type":"if","locations":[{"start":{"line":349,"column":8},"end":{"line":349,"column":8}},{"start":{"line":349,"column":8},"end":{"line":349,"column":8}}]},"38":{"line":355,"type":"if","locations":[{"start":{"line":355,"column":8},"end":{"line":355,"column":8}},{"start":{"line":355,"column":8},"end":{"line":355,"column":8}}]},"39":{"line":358,"type":"if","locations":[{"start":{"line":358,"column":8},"end":{"line":358,"column":8}},{"start":{"line":358,"column":8},"end":{"line":358,"column":8}}]},"40":{"line":359,"type":"if","locations":[{"start":{"line":359,"column":12},"end":{"line":359,"column":12}},{"start":{"line":359,"column":12},"end":{"line":359,"column":12}}]},"41":{"line":366,"type":"if","locations":[{"start":{"line":366,"column":8},"end":{"line":366,"column":8}},{"start":{"line":366,"column":8},"end":{"line":366,"column":8}}]},"42":{"line":380,"type":"if","locations":[{"start":{"line":380,"column":8},"end":{"line":380,"column":8}},{"start":{"line":380,"column":8},"end":{"line":380,"column":8}}]},"43":{"line":385,"type":"if","locations":[{"start":{"line":385,"column":8},"end":{"line":385,"column":8}},{"start":{"line":385,"column":8},"end":{"line":385,"column":8}}]},"44":{"line":392,"type":"if","locations":[{"start":{"line":392,"column":8},"end":{"line":392,"column":8}},{"start":{"line":392,"column":8},"end":{"line":392,"column":8}}]},"45":{"line":394,"type":"if","locations":[{"start":{"line":394,"column":8},"end":{"line":394,"column":8}},{"start":{"line":394,"column":8},"end":{"line":394,"column":8}}]},"46":{"line":412,"type":"if","locations":[{"start":{"line":412,"column":8},"end":{"line":412,"column":8}},{"start":{"line":412,"column":8},"end":{"line":412,"column":8}}]},"47":{"line":416,"type":"if","locations":[{"start":{"line":416,"column":8},"end":{"line":416,"column":8}},{"start":{"line":416,"column":8},"end":{"line":416,"column":8}}]},"48":{"line":420,"type":"if","locations":[{"start":{"line":420,"column":8},"end":{"line":420,"column":8}},{"start":{"line":420,"column":8},"end":{"line":420,"column":8}}]},"49":{"line":424,"type":"if","locations":[{"start":{"line":424,"column":8},"end":{"line":424,"column":8}},{"start":{"line":424,"column":8},"end":{"line":424,"column":8}}]},"50":{"line":428,"type":"if","locations":[{"start":{"line":428,"column":8},"end":{"line":428,"column":8}},{"start":{"line":428,"column":8},"end":{"line":428,"column":8}}]},"51":{"line":432,"type":"if","locations":[{"start":{"line":432,"column":8},"end":{"line":432,"column":8}},{"start":{"line":432,"column":8},"end":{"line":432,"column":8}}]},"52":{"line":437,"type":"if","locations":[{"start":{"line":437,"column":8},"end":{"line":437,"column":8}},{"start":{"line":437,"column":8},"end":{"line":437,"column":8}}]},"53":{"line":441,"type":"if","locations":[{"start":{"line":441,"column":8},"end":{"line":441,"column":8}},{"start":{"line":441,"column":8},"end":{"line":441,"column":8}}]},"54":{"line":445,"type":"if","locations":[{"start":{"line":445,"column":8},"end":{"line":445,"column":8}},{"start":{"line":445,"column":8},"end":{"line":445,"column":8}}]},"55":{"line":449,"type":"if","locations":[{"start":{"line":449,"column":8},"end":{"line":449,"column":8}},{"start":{"line":449,"column":8},"end":{"line":449,"column":8}}]},"56":{"line":479,"type":"if","locations":[{"start":{"line":479,"column":8},"end":{"line":479,"column":8}},{"start":{"line":479,"column":8},"end":{"line":479,"column":8}}]},"57":{"line":491,"type":"if","locations":[{"start":{"line":491,"column":8},"end":{"line":491,"column":8}},{"start":{"line":491,"column":8},"end":{"line":491,"column":8}}]},"58":{"line":543,"type":"if","locations":[{"start":{"line":543,"column":8},"end":{"line":543,"column":8}},{"start":{"line":543,"column":8},"end":{"line":543,"column":8}}]}}},"contracts/governance/Parameters.sol":{"l":{"18":16,"19":15,"23":2,"27":2,"28":2,"32":2,"36":2,"37":2,"41":4,"42":3,"44":2,"48":3,"49":3,"51":2},"path":"/Users/ale/Desktop/sovreign-contracts/contracts/governance/Parameters.sol","s":{"1":16,"2":2,"3":2,"4":2,"5":2,"6":2,"7":2,"8":4,"9":3,"10":2,"11":3,"12":3,"13":2},"b":{"1":[15,1],"2":[2,0],"3":[2,0],"4":[3,1],"5":[2,1],"6":[3,0],"7":[2,1]},"f":{"1":16,"2":2,"3":2,"4":2,"5":2,"6":4,"7":3},"fnMap":{"1":{"name":"onlyDAO","line":17,"loc":{"start":{"line":17,"column":4},"end":{"line":20,"column":4}}},"2":{"name":"setWarmUpDuration","line":22,"loc":{"start":{"line":22,"column":4},"end":{"line":24,"column":4}}},"3":{"name":"setActiveDuration","line":26,"loc":{"start":{"line":26,"column":4},"end":{"line":29,"column":4}}},"4":{"name":"setQueueDuration","line":31,"loc":{"start":{"line":31,"column":4},"end":{"line":33,"column":4}}},"5":{"name":"setGracePeriodDuration","line":35,"loc":{"start":{"line":35,"column":4},"end":{"line":38,"column":4}}},"6":{"name":"setAcceptanceThreshold","line":40,"loc":{"start":{"line":40,"column":4},"end":{"line":45,"column":4}}},"7":{"name":"setMinQuorum","line":47,"loc":{"start":{"line":47,"column":4},"end":{"line":52,"column":4}}}},"statementMap":{"1":{"start":{"line":18,"column":8},"end":{"line":18,"column":64}},"2":{"start":{"line":23,"column":8},"end":{"line":23,"column":30}},"3":{"start":{"line":27,"column":8},"end":{"line":27,"column":55}},"4":{"start":{"line":28,"column":8},"end":{"line":28,"column":30}},"5":{"start":{"line":32,"column":8},"end":{"line":32,"column":29}},"6":{"start":{"line":36,"column":8},"end":{"line":36,"column":55}},"7":{"start":{"line":37,"column":8},"end":{"line":37,"column":35}},"8":{"start":{"line":41,"column":8},"end":{"line":41,"column":51}},"9":{"start":{"line":42,"column":8},"end":{"line":42,"column":48}},"10":{"start":{"line":44,"column":8},"end":{"line":44,"column":38}},"11":{"start":{"line":48,"column":8},"end":{"line":48,"column":59}},"12":{"start":{"line":49,"column":8},"end":{"line":49,"column":48}},"13":{"start":{"line":51,"column":8},"end":{"line":51,"column":25}}},"branchMap":{"1":{"line":18,"type":"if","locations":[{"start":{"line":18,"column":8},"end":{"line":18,"column":8}},{"start":{"line":18,"column":8},"end":{"line":18,"column":8}}]},"2":{"line":27,"type":"if","locations":[{"start":{"line":27,"column":8},"end":{"line":27,"column":8}},{"start":{"line":27,"column":8},"end":{"line":27,"column":8}}]},"3":{"line":36,"type":"if","locations":[{"start":{"line":36,"column":8},"end":{"line":36,"column":8}},{"start":{"line":36,"column":8},"end":{"line":36,"column":8}}]},"4":{"line":41,"type":"if","locations":[{"start":{"line":41,"column":8},"end":{"line":41,"column":8}},{"start":{"line":41,"column":8},"end":{"line":41,"column":8}}]},"5":{"line":42,"type":"if","locations":[{"start":{"line":42,"column":8},"end":{"line":42,"column":8}},{"start":{"line":42,"column":8},"end":{"line":42,"column":8}}]},"6":{"line":48,"type":"if","locations":[{"start":{"line":48,"column":8},"end":{"line":48,"column":8}},{"start":{"line":48,"column":8},"end":{"line":48,"column":8}}]},"7":{"line":49,"type":"if","locations":[{"start":{"line":49,"column":8},"end":{"line":49,"column":8}},{"start":{"line":49,"column":8},"end":{"line":49,"column":8}}]}}},"contracts/governance/Reign.sol":{"l":{"18":6,"20":6,"21":6,"23":6,"27":6,"28":6,"29":6,"30":6,"36":230,"39":230,"40":230,"42":229},"path":"/Users/ale/Desktop/sovreign-contracts/contracts/governance/Reign.sol","s":{"1":6,"2":6,"3":6,"4":6,"5":6,"6":6,"7":6,"8":6,"9":230,"10":230,"11":230},"b":{"1":[6,0],"2":[229,1]},"f":{"1":6,"2":230},"fnMap":{"1":{"name":"constructor","line":15,"loc":{"start":{"line":15,"column":4},"end":{"line":31,"column":4}}},"2":{"name":null,"line":35,"loc":{"start":{"line":35,"column":4},"end":{"line":54,"column":4}}}},"statementMap":{"1":{"start":{"line":18,"column":8},"end":{"line":18,"column":61}},"2":{"start":{"line":20,"column":8},"end":{"line":20,"column":67}},"3":{"start":{"line":21,"column":8},"end":{"line":21,"column":44}},"4":{"start":{"line":23,"column":8},"end":{"line":23,"column":728}},"5":{"start":{"line":27,"column":8},"end":{"line":27,"column":63}},"6":{"start":{"line":28,"column":8},"end":{"line":28,"column":67}},"7":{"start":{"line":29,"column":8},"end":{"line":29,"column":69}},"8":{"start":{"line":30,"column":8},"end":{"line":30,"column":63}},"9":{"start":{"line":36,"column":8},"end":{"line":36,"column":1296}},"10":{"start":{"line":39,"column":8},"end":{"line":39,"column":73}},"11":{"start":{"line":40,"column":8},"end":{"line":40,"column":71}}},"branchMap":{"1":{"line":18,"type":"if","locations":[{"start":{"line":18,"column":8},"end":{"line":18,"column":8}},{"start":{"line":18,"column":8},"end":{"line":18,"column":8}}]},"2":{"line":40,"type":"if","locations":[{"start":{"line":40,"column":8},"end":{"line":40,"column":8}},{"start":{"line":40,"column":8},"end":{"line":40,"column":8}}]}}},"contracts/interfaces/IBasketBalancer.sol":{"l":{},"path":"/Users/ale/Desktop/sovreign-contracts/contracts/interfaces/IBasketBalancer.sol","s":{},"b":{},"f":{},"fnMap":{},"statementMap":{},"branchMap":{}},"contracts/interfaces/IBridge.sol":{"l":{},"path":"/Users/ale/Desktop/sovreign-contracts/contracts/interfaces/IBridge.sol","s":{},"b":{},"f":{},"fnMap":{},"statementMap":{},"branchMap":{}},"contracts/interfaces/IDiamondCut.sol":{"l":{},"path":"/Users/ale/Desktop/sovreign-contracts/contracts/interfaces/IDiamondCut.sol","s":{},"b":{},"f":{},"fnMap":{},"statementMap":{},"branchMap":{}},"contracts/interfaces/IDiamondLoupe.sol":{"l":{},"path":"/Users/ale/Desktop/sovreign-contracts/contracts/interfaces/IDiamondLoupe.sol","s":{},"b":{},"f":{},"fnMap":{},"statementMap":{},"branchMap":{}},"contracts/interfaces/IERC165.sol":{"l":{},"path":"/Users/ale/Desktop/sovreign-contracts/contracts/interfaces/IERC165.sol","s":{},"b":{},"f":{},"fnMap":{},"statementMap":{},"branchMap":{}},"contracts/interfaces/IERC173.sol":{"l":{},"path":"/Users/ale/Desktop/sovreign-contracts/contracts/interfaces/IERC173.sol","s":{},"b":{},"f":{},"fnMap":{},"statementMap":{},"branchMap":{}},"contracts/interfaces/IERC20.sol":{"l":{},"path":"/Users/ale/Desktop/sovreign-contracts/contracts/interfaces/IERC20.sol","s":{},"b":{},"f":{},"fnMap":{},"statementMap":{},"branchMap":{}},"contracts/interfaces/IMintBurnErc20.sol":{"l":{},"path":"/Users/ale/Desktop/sovreign-contracts/contracts/interfaces/IMintBurnErc20.sol","s":{},"b":{},"f":{},"fnMap":{},"statementMap":{},"branchMap":{}},"contracts/interfaces/InterestStrategyInterface.sol":{"l":{},"path":"/Users/ale/Desktop/sovreign-contracts/contracts/interfaces/InterestStrategyInterface.sol","s":{},"b":{},"f":{},"fnMap":{},"statementMap":{},"branchMap":{}},"contracts/interfaces/IOracle.sol":{"l":{},"path":"/Users/ale/Desktop/sovreign-contracts/contracts/interfaces/IOracle.sol","s":{},"b":{},"f":{},"fnMap":{},"statementMap":{},"branchMap":{}},"contracts/interfaces/IPool.sol":{"l":{},"path":"/Users/ale/Desktop/sovreign-contracts/contracts/interfaces/IPool.sol","s":{},"b":{},"f":{},"fnMap":{},"statementMap":{},"branchMap":{}},"contracts/interfaces/IPoolController.sol":{"l":{},"path":"/Users/ale/Desktop/sovreign-contracts/contracts/interfaces/IPoolController.sol","s":{},"b":{},"f":{},"fnMap":{},"statementMap":{},"branchMap":{}},"contracts/interfaces/IPoolErc20.sol":{"l":{},"path":"/Users/ale/Desktop/sovreign-contracts/contracts/interfaces/IPoolErc20.sol","s":{},"b":{},"f":{},"fnMap":{},"statementMap":{},"branchMap":{}},"contracts/interfaces/IReign.sol":{"l":{},"path":"/Users/ale/Desktop/sovreign-contracts/contracts/interfaces/IReign.sol","s":{},"b":{},"f":{},"fnMap":{},"statementMap":{},"branchMap":{}},"contracts/interfaces/IRewards.sol":{"l":{},"path":"/Users/ale/Desktop/sovreign-contracts/contracts/interfaces/IRewards.sol","s":{},"b":{},"f":{},"fnMap":{},"statementMap":{},"branchMap":{}},"contracts/libraries/Addresses.sol":{"l":{"30":8,"32":8,"35":8,"55":0,"61":0,"62":0,"90":0,"104":8,"123":0,"144":0,"148":0,"157":8,"160":8,"162":8,"163":8,"166":0,"170":0,"175":0},"path":"/Users/ale/Desktop/sovreign-contracts/contracts/libraries/Addresses.sol","s":{"1":8,"2":8,"3":0,"4":0,"5":0,"6":0,"7":8,"8":0,"9":0,"10":0,"11":8,"12":8,"13":8,"14":8,"15":0,"16":0},"b":{"1":[0,0],"2":[0,0],"3":[0,0],"4":[8,0],"5":[8,0],"6":[0,0]},"f":{"1":8,"2":0,"3":0,"4":8,"5":0,"6":0,"7":8},"fnMap":{"1":{"name":"isContract","line":25,"loc":{"start":{"line":25,"column":4},"end":{"line":36,"column":4}}},"2":{"name":"sendValue","line":54,"loc":{"start":{"line":54,"column":4},"end":{"line":66,"column":4}}},"3":{"name":"functionCall","line":86,"loc":{"start":{"line":86,"column":4},"end":{"line":91,"column":4}}},"4":{"name":"functionCall","line":99,"loc":{"start":{"line":99,"column":4},"end":{"line":105,"column":4}}},"5":{"name":"functionCallWithValue","line":118,"loc":{"start":{"line":118,"column":4},"end":{"line":130,"column":4}}},"6":{"name":"functionCallWithValue","line":138,"loc":{"start":{"line":138,"column":4},"end":{"line":149,"column":4}}},"7":{"name":"_functionCallWithValue","line":151,"loc":{"start":{"line":151,"column":4},"end":{"line":178,"column":4}}}},"statementMap":{"1":{"start":{"line":30,"column":8},"end":{"line":30,"column":20}},"2":{"start":{"line":35,"column":8},"end":{"line":35,"column":23}},"3":{"start":{"line":55,"column":8},"end":{"line":55,"column":2156}},"4":{"start":{"line":61,"column":8},"end":{"line":61,"column":60}},"5":{"start":{"line":62,"column":8},"end":{"line":62,"column":2413}},"6":{"start":{"line":90,"column":8},"end":{"line":90,"column":75}},"7":{"start":{"line":104,"column":8},"end":{"line":104,"column":68}},"8":{"start":{"line":123,"column":8},"end":{"line":123,"column":4432}},"9":{"start":{"line":144,"column":8},"end":{"line":144,"column":5055}},"10":{"start":{"line":148,"column":8},"end":{"line":148,"column":72}},"11":{"start":{"line":157,"column":8},"end":{"line":157,"column":67}},"12":{"start":{"line":160,"column":8},"end":{"line":160,"column":5617}},"13":{"start":{"line":162,"column":8},"end":{"line":162,"column":5677}},"14":{"start":{"line":163,"column":12},"end":{"line":163,"column":29}},"15":{"start":{"line":166,"column":12},"end":{"line":166,"column":5822}},"16":{"start":{"line":175,"column":16},"end":{"line":175,"column":35}}},"branchMap":{"1":{"line":55,"type":"if","locations":[{"start":{"line":55,"column":8},"end":{"line":55,"column":8}},{"start":{"line":55,"column":8},"end":{"line":55,"column":8}}]},"2":{"line":62,"type":"if","locations":[{"start":{"line":62,"column":8},"end":{"line":62,"column":8}},{"start":{"line":62,"column":8},"end":{"line":62,"column":8}}]},"3":{"line":144,"type":"if","locations":[{"start":{"line":144,"column":8},"end":{"line":144,"column":8}},{"start":{"line":144,"column":8},"end":{"line":144,"column":8}}]},"4":{"line":157,"type":"if","locations":[{"start":{"line":157,"column":8},"end":{"line":157,"column":8}},{"start":{"line":157,"column":8},"end":{"line":157,"column":8}}]},"5":{"line":162,"type":"if","locations":[{"start":{"line":162,"column":8},"end":{"line":162,"column":8}},{"start":{"line":162,"column":8},"end":{"line":162,"column":8}}]},"6":{"line":166,"type":"if","locations":[{"start":{"line":166,"column":12},"end":{"line":166,"column":12}},{"start":{"line":166,"column":12},"end":{"line":166,"column":12}}]}}},"contracts/libraries/LibDiamond.sol":{"l":{"22":6,"24":6,"25":24,"28":6,"30":6,"36":29,"38":29,"39":27,"40":27,"42":27,"45":2,"46":1,"47":1,"49":1,"52":1,"53":1,"55":1,"58":0,"64":27,"66":27,"67":201,"69":201,"70":201,"72":201,"76":201,"78":201,"81":27,"89":1,"91":1,"92":1,"94":1,"97":1,"98":1,"99":1,"102":0,"105":0,"112":1,"114":1,"115":1,"117":1,"119":1,"120":1,"123":1,"124":1,"125":1,"126":1,"130":1,"131":1,"133":1,"136":1,"140":10,"141":10,"142":10,"145":0,"146":0,"147":0,"150":0,"151":0,"152":0,"154":0,"156":0,"162":28,"163":28,"166":28},"path":"/Users/ale/Desktop/sovreign-contracts/contracts/libraries/LibDiamond.sol","s":{"1":6,"2":6,"3":24,"4":6,"5":6,"6":29,"7":29,"8":27,"9":27,"10":27,"11":2,"12":1,"13":1,"14":1,"15":1,"16":1,"17":1,"18":0,"19":27,"20":27,"21":201,"22":201,"23":201,"24":201,"25":201,"26":27,"27":1,"28":1,"29":1,"30":1,"31":1,"32":1,"33":1,"34":0,"35":0,"36":1,"37":1,"38":1,"39":1,"40":1,"41":1,"42":1,"43":1,"44":1,"45":1,"46":1,"47":1,"48":10,"49":10,"50":10,"51":0,"52":0,"53":0,"54":0,"55":0,"56":0,"57":0,"58":0,"59":28,"60":28},"b":{"1":[29,0],"2":[27,2],"3":[27,0],"4":[1,1],"5":[1,0],"6":[1,0],"7":[1,0],"8":[201,0],"9":[1,0],"10":[1,0],"11":[0,1],"12":[1,0],"13":[1,0],"14":[1,0],"15":[10,0],"16":[10,0],"17":[0,0],"18":[0,0],"19":[0,0],"20":[0,0],"21":[28,0]},"f":{"1":6,"2":29,"3":27,"4":1,"5":1,"6":10,"7":28},"fnMap":{"1":{"name":"diamondCut","line":17,"loc":{"start":{"line":17,"column":4},"end":{"line":31,"column":4}}},"2":{"name":"executeDiamondCut","line":35,"loc":{"start":{"line":35,"column":4},"end":{"line":59,"column":4}}},"3":{"name":"_handleAddCut","line":63,"loc":{"start":{"line":63,"column":4},"end":{"line":82,"column":4}}},"4":{"name":"_handleReplaceCut","line":88,"loc":{"start":{"line":88,"column":4},"end":{"line":106,"column":4}}},"5":{"name":"_handleRemoveCut","line":111,"loc":{"start":{"line":111,"column":4},"end":{"line":137,"column":4}}},"6":{"name":"initializeDiamondCut","line":139,"loc":{"start":{"line":139,"column":4},"end":{"line":159,"column":4}}},"7":{"name":"enforceHasContractCode","line":161,"loc":{"start":{"line":161,"column":4},"end":{"line":167,"column":4}}}},"statementMap":{"1":{"start":{"line":22,"column":8},"end":{"line":22,"column":83}},"2":{"start":{"line":24,"column":8},"end":{"line":24,"column":876}},"3":{"start":{"line":25,"column":12},"end":{"line":25,"column":84}},"4":{"start":{"line":28,"column":8},"end":{"line":28,"column":54}},"5":{"start":{"line":30,"column":8},"end":{"line":30,"column":45}},"6":{"start":{"line":36,"column":8},"end":{"line":36,"column":92}},"7":{"start":{"line":38,"column":8},"end":{"line":38,"column":1511}},"8":{"start":{"line":39,"column":12},"end":{"line":39,"column":103}},"9":{"start":{"line":40,"column":12},"end":{"line":40,"column":91}},"10":{"start":{"line":42,"column":12},"end":{"line":42,"column":52}},"11":{"start":{"line":45,"column":8},"end":{"line":45,"column":1837}},"12":{"start":{"line":46,"column":12},"end":{"line":46,"column":106}},"13":{"start":{"line":47,"column":12},"end":{"line":47,"column":94}},"14":{"start":{"line":49,"column":12},"end":{"line":49,"column":56}},"15":{"start":{"line":52,"column":8},"end":{"line":52,"column":2177}},"16":{"start":{"line":53,"column":12},"end":{"line":53,"column":105}},"17":{"start":{"line":55,"column":12},"end":{"line":55,"column":55}},"18":{"start":{"line":58,"column":8},"end":{"line":58,"column":56}},"19":{"start":{"line":64,"column":8},"end":{"line":64,"column":88}},"20":{"start":{"line":66,"column":8},"end":{"line":66,"column":2789}},"21":{"start":{"line":67,"column":12},"end":{"line":67,"column":66}},"22":{"start":{"line":69,"column":12},"end":{"line":69,"column":70}},"23":{"start":{"line":70,"column":12},"end":{"line":70,"column":106}},"24":{"start":{"line":72,"column":12},"end":{"line":72,"column":3149}},"25":{"start":{"line":76,"column":12},"end":{"line":76,"column":38}},"26":{"start":{"line":81,"column":8},"end":{"line":81,"column":28}},"27":{"start":{"line":89,"column":8},"end":{"line":89,"column":88}},"28":{"start":{"line":91,"column":8},"end":{"line":91,"column":3854}},"29":{"start":{"line":92,"column":12},"end":{"line":92,"column":66}},"30":{"start":{"line":94,"column":12},"end":{"line":94,"column":70}},"31":{"start":{"line":97,"column":12},"end":{"line":97,"column":103}},"32":{"start":{"line":98,"column":12},"end":{"line":98,"column":115}},"33":{"start":{"line":99,"column":12},"end":{"line":99,"column":109}},"34":{"start":{"line":102,"column":12},"end":{"line":102,"column":62}},"35":{"start":{"line":105,"column":8},"end":{"line":105,"column":28}},"36":{"start":{"line":112,"column":8},"end":{"line":112,"column":88}},"37":{"start":{"line":114,"column":8},"end":{"line":114,"column":5088}},"38":{"start":{"line":115,"column":12},"end":{"line":115,"column":66}},"39":{"start":{"line":117,"column":12},"end":{"line":117,"column":73}},"40":{"start":{"line":119,"column":12},"end":{"line":119,"column":114}},"41":{"star
[...]
":9,"140":8,"146":8,"147":8,"148":8,"149":8,"150":8,"152":8,"153":7,"159":3,"160":2,"162":1,"169":27,"173":11,"176":16,"177":16,"178":13,"181":16,"182":1,"185":15,"186":15,"188":15,"191":15,"192":15,"203":27,"204":27,"206":27,"208":27,"209":27,"215":27,"217":27},"path":"/Users/ale/Desktop/sovreign-contracts/contracts/staking/Rewards.sol","s":{"1":6,"2":6,"3":6,"4":6,"5":6,"6":22,"7":21,"8":6,"9":6,"10":6,"11":5,"12":5,"13":5,"14":5,"15":5,"16":37,"17":37,"18":15,"19":15,"20":22,"21":22,"22":8,"23":14,"24":14,"25":14,"26":14,"27":17,"28":16,"29":15,"30":5,"31":4,"32":10,"33":13,"34":4,"35":3,"36":2,"37":9,"38":8,"39":8,"40":8,"41":8,"42":8,"43":8,"44":8,"45":7,"46":3,"47":2,"48":1,"49":27,"50":11,"51":16,"52":16,"53":13,"54":16,"55":1,"56":15,"57":15,"58":15,"59":15,"60":15,"61":27,"62":27,"63":27,"64":27,"65":27,"66":27,"67":27},"b":{"1":[6,0],"2":[6,0],"3":[21,1],"4":[5,1],"5":[15,22],"6":[8,14],"7":[16,1],"8":[15,1],"9":[5,10],"10":[4,1],"11":[9,1],"12":[4,9],"13":[3,1],"14":[2,1],"15":[1,1],"16":[8,1],"17":[7,1],"18":[7,1],"19":[2,1],"20":[1,1],"21":[11,16],"22":[13,3],"23":[1,15]},"f":{"1":6,"2":22,"3":6,"4":37,"5":17,"6":3,"7":27,"8":27,"9":27},"fnMap":{"1":{"name":"constructor","line":39,"loc":{"start":{"line":39,"column":4},"end":{"line":51,"column":4}}},"2":{"name":"registerUserAction","line":56,"loc":{"start":{"line":56,"column":4},"end":{"line":60,"column":4}}},"3":{"name":"claim","line":63,"loc":{"start":{"line":63,"column":4},"end":{"line":79,"column":4}}},"4":{"name":"ackFunds","line":84,"loc":{"start":{"line":84,"column":4},"end":{"line":105,"column":4}}},"5":{"name":"setupPullToken","line":109,"loc":{"start":{"line":109,"column":4},"end":{"line":155,"column":4}}},"6":{"name":"setReign","line":158,"loc":{"start":{"line":158,"column":4},"end":{"line":163,"column":4}}},"7":{"name":"_pullToken","line":168,"loc":{"start":{"line":168,"column":4},"end":{"line":197,"column":4}}},"8":{"name":"_calculateOwed","line":202,"loc":{"start":{"line":202,"column":4},"end":{"line":210,"column":4}}},"9":{"name":"_userPendingReward","line":214,"loc":{"start":{"line":214,"column":4},"end":{"line":218,"column":4}}}},"statementMap":{"1":{"start":{"line":44,"column":8},"end":{"line":44,"column":68}},"2":{"start":{"line":45,"column":8},"end":{"line":45,"column":69}},"3":{"start":{"line":47,"column":8},"end":{"line":47,"column":32}},"4":{"start":{"line":49,"column":8},"end":{"line":49,"column":35}},"5":{"start":{"line":50,"column":8},"end":{"line":50,"column":29}},"6":{"start":{"line":57,"column":8},"end":{"line":57,"column":70}},"7":{"start":{"line":59,"column":8},"end":{"line":59,"column":27}},"8":{"start":{"line":64,"column":8},"end":{"line":64,"column":33}},"9":{"start":{"line":66,"column":8},"end":{"line":66,"column":41}},"10":{"start":{"line":67,"column":8},"end":{"line":67,"column":46}},"11":{"start":{"line":69,"column":8},"end":{"line":69,"column":27}},"12":{"start":{"line":71,"column":8},"end":{"line":71,"column":47}},"13":{"start":{"line":74,"column":8},"end":{"line":74,"column":17}},"14":{"start":{"line":76,"column":8},"end":{"line":76,"column":38}},"15":{"start":{"line":78,"column":8},"end":{"line":78,"column":21}},"16":{"start":{"line":85,"column":8},"end":{"line":85,"column":65}},"17":{"start":{"line":87,"column":8},"end":{"line":87,"column":2538}},"18":{"start":{"line":88,"column":12},"end":{"line":88,"column":37}},"19":{"start":{"line":89,"column":12},"end":{"line":89,"column":18}},"20":{"start":{"line":92,"column":8},"end":{"line":92,"column":52}},"21":{"start":{"line":95,"column":8},"end":{"line":95,"column":2913}},"22":{"start":{"line":96,"column":12},"end":{"line":96,"column":18}},"23":{"start":{"line":99,"column":8},"end":{"line":99,"column":52}},"24":{"start":{"line":100,"column":8},"end":{"line":100,"column":3100}},"25":{"start":{"line":103,"column":8},"end":{"line":103,"column":33}},"26":{"start":{"line":104,"column":8},"end":{"line":104,"column":37}},"27":{"start":{"line":115,"column":8},"end":{"line":115,"column":47}},"28":{"start":{"line":116,"column":8},"end":{"line":116,"column":49}},"29":{"start":{"line":118,"column":8},"end":{"line":118,"column":3617}},"30":{"start":{"line":119,"column":12},"end":{"line":119,"column":3673}},"31":{"start":{"line":123,"column":12},"end":{"line":123,"column":26}},"32":{"start":{"line":125,"column":12},"end":{"line":125,"column":3858}},"33":{"start":{"line":131,"column":8},"end":{"line":131,"column":3998}},"34":{"start":{"line":132,"column":12},"end":{"line":132,"column":71}},"35":{"start":{"line":133,"column":12},"end":{"line":133,"column":67}},"36":{"start":{"line":134,"column":12},"end":{"line":134,"column":69}},"37":{"start":{"line":136,"column":12},"end":{"line":136,"column":4275}},"38":{"start":{"line":140,"column":12},"end":{"line":140,"column":4413}},"39":{"start":{"line":146,"column":8},"end":{"line":146,"column":34}},"40":{"start":{"line":147,"column":8},"end":{"line":147,"column":36}},"41":{"start":{"line":148,"column":8},"end":{"line":148,"column":32}},"42":{"start":{"line":149,"column":8},"end":{"line":149,"column":53}},"43":{"start":{"line":150,"column":8},"end":{"line":150,"column":39}},"44":{"start":{"line":152,"column":8},"end":{"line":152,"column":4754}},"45":{"start":{"line":153,"column":12},"end":{"line":153,"column":31}},"46":{"start":{"line":159,"column":8},"end":{"line":159,"column":69}},"47":{"start":{"line":160,"column":8},"end":{"line":160,"column":47}},"48":{"start":{"line":162,"column":8},"end":{"line":162,"column":29}},"49":{"start":{"line":169,"column":8},"end":{"line":169,"column":5428}},"50":{"start":{"line":173,"column":12},"end":{"line":173,"column":18}},"51":{"start":{"line":176,"column":8},"end":{"line":176,"column":48}},"52":{"start":{"line":177,"column":8},"end":{"line":177,"column":5632}},"53":{"start":{"line":178,"column":12},"end":{"line":178,"column":41}},"54":{"start":{"line":181,"column":8},"end":{"line":181,"column":5738}},"55":{"start":{"line":182,"column":12},"end":{"line":182,"column":18}},"56":{"start":{"line":185,"column":8},"end":{"line":185,"column":64}},"57":{"start":{"line":186,"column":8},"end":{"line":186,"column":5943}},"58":{"start":{"line":188,"column":8},"end":{"line":188,"column":6041}},"59":{"start":{"line":191,"column":8},"end":{"line":191,"column":35}},"60":{"start":{"line":192,"column":8},"end":{"line":192,"column":6121}},"61":{"start":{"line":203,"column":8},"end":{"line":203,"column":19}},"62":{"start":{"line":204,"column":8},"end":{"line":204,"column":17}},"63":{"start":{"line":206,"column":8},"end":{"line":206,"column":49}},"64":{"start":{"line":208,"column":8},"end":{"line":208,"column":42}},"65":{"start":{"line":209,"column":8},"end":{"line":209,"column":47}},"66":{"start":{"line":215,"column":8},"end":{"line":215,"column":72}},"67":{"start":{"line":217,"column":8},"end":{"line":217,"column":66}}},"branchMap":{"1":{"line":44,"type":"if","locations":[{"start":{"line":44,"column":8},"end":{"line":44,"column":8}},{"start":{"line":44,"column":8},"end":{"line":44,"column":8}}]},"2":{"line":45,"type":"if","locations":[{"start":{"line":45,"column":8},"end":{"line":45,"column":8}},{"start":{"line":45,"column":8},"end":{"line":45,"column":8}}]},"3":{"line":57,"type":"if","locations":[{"start":{"line":57,"column":8},"end":{"line":57,"column":8}},{"start":{"line":57,"column":8},"end":{"line":57,"column":8}}]},"4":{"line":67,"type":"if","locations":[{"start":{"line":67,"column":8},"end":{"line":67,"column":8}},{"start":{"line":67,"column":8},"end":{"line":67,"column":8}}]},"5":{"line":87,"type":"if","locations":[{"start":{"line":87,"column":8},"end":{"line":87,"column":8}},{"start":{"line":87,"column":8},"end":{"line":87,"column":8}}]},"6":{"line":95,"type":"if","locations":[{"start":{"line":95,"column":8},"end":{"line":95,"column":8}},{"start":{"line":95,"column":8},"end":{"line":95,"column":8}}]},"7":{"line":115,"type":"if","locations":[{"start":{"line":115,"column":8},"end":{"line":115,"column":8}},{"start":{"line":115,"column":8},"end":{"line":115,"column":8}}]},"8":{"line":116,"type":"if","locations":[{"start":{"line":116,"column":8},"end":{"line":116,"column":8}},{"start":{"line":116,"column":8},"end":{"line":116,"column":8}}]},"9":{"line":118,"type":"if","locations":[{"start":{"line":118,"column":8},"end":{"line":118,"column":8}},{"start":{"line":118,"column":8},"end":{"line":118,"column":8}}]},"10":{"line":119,"type":"if","locations":[{"start":{"line":119,"column":12},"end":{"line":119,"column":12}},{"start":{"line":119,"column":12},"end":{"line":119,"column":12}}]},"11":{"line":125,"type":"if","locations":[{"start":{"line":125,"column":12},"end":{"line":125,"column":12}},{"start":{"line":125,"column":12},"end":{"line":125,"column":12}}]},"12":{"line":131,"type":"if","locations":[{"start":{"line":131,"column":8},"end":{"line":131,"column":8}},{"start":{"line":131,"column":8},"end":{"line":131,"column":8}}]},"13":{"line":132,"type":"if","locations":[{"start":{"line":132,"column":12},"end":{"line":132,"column":12}},{"start":{"line":132,"column":12},"end":{"line":132,"column":12}}]},"14":{"line":133,"type":"if","locations":[{"start":{"line":133,"column":12},"end":{"line":133,"column":12}},{"start":{"line":133,"column":12},"end":{"line":133,"column":12}}]},"15":{"line":134,"type":"if","locations":[{"start":{"line":134,"column":12},"end":{"line":134,"column":12}},{"start":{"line":134,"column":12},"end":{"line":134,"column":12}}]},"16":{"line":136,"type":"if","locations":[{"start":{"line":136,"column":12},"end":{"line":136,"column":12}},{"start":{"line":136,"column":12},"end":{"line":136,"column":12}}]},"17":{"line":140,"type":"if","locations":[{"start":{"line":140,"column":12},"end":{"line":140,"column":12}},{"start":{"line":140,"column":12},"end":{"line":140,"column":12}}]},"18":{"line":152,"type":"if","locations":[{"start":{"line":152,"column":8},"end":{"line":152,"column":8}},{"start":{"line":152,"column":8},"end":{"line":152,"column":8}}]},"19":{"line":159,"type":"if","locations":[{"start":{"line":159,"column":8},"end":{"line":159,"column":8}},{"start":{"line":159,"column":8},"end":{"line":159,"column":8}}]},"20":{"line":160,"type":"if","locations":[{"start":{"line":160,"column":8},"end":{"line":160,"column":8}},{"start":{"line":160,"column":8},"end":{"line":160,"column":8}}]},"21":{"line":169,"type":"if","locations":[{"start":{"line":169,"column":8},"end":{"line":169,"column":8}},{"start":{"line":169,"column":8},"end":{"line":169,"column":8}}]},"22":{"line":177,"type":"if","locations":[{"start":{"line":177,"column":8},"end":{"line":177,"column":8}},{"start":{"line":177,"column":8},"end":{"line":177,"column":8}}]},"23":{"line":181,"type":"if","locations":[{"start":{"line":181,"column":8},"end":{"line":181,"column":8}},{"start":{"line":181,"column":8},"end":{"line":181,"column":8}}]}}},"contracts/tokens/ReignToken.sol":{"l":{"21":87,"25":28,"26":28,"30":28,"31":28,"32":28,"36":10,"37":10,"38":10,"42":28,"44":28,"45":28,"46":28,"54":10,"59":10,"60":10,"61":10,"69":34,"70":34,"78":10,"79":10,"80":10,"88":34,"89":34,"97":0,"98":0,"106":10,"107":10,"111":10,"112":10},"path":"/Users/ale/Desktop/sovreign-contracts/contracts/tokens/ReignToken.sol","s":{"1":87,"2":28,"3":28,"4":28,"5":28,"6":28,"7":10,"8":10,"9":10,"10":28,"11":28,"12":28,"13":28,"14":10,"15":10,"16":10,"17":10,"18":34,"19":34,"20":10,"21":10,"22":10,"23":34,"24":34,"25":0,"26":0,"27":10,"28":10,"29":10,"30":10},"b":{"1":[28,0],"2":[28,0],"3":[10,0],"4":[10,0]},"f":{"1":87,"2":28,"3":28,"4":10,"5":28,"6":10,"7":34,"8":10,"9":34,"10":0,"11":10},"fnMap":{"1":{"name":"constructor","line":20,"loc":{"start":{"line":20,"column":4},"end":{"line":22,"column":4}}},"2":{"name":"setController","line":24,"loc":{"start":{"line":24,"column":4},"end":{"line":27,"column":4}}},"3":{"name":"_mint","line":29,"loc":{"start":{"line":29,"column":4},"end":{"line":33,"column":4}}},"4":{"name":"_burn","line":35,"loc":{"start":{"line":35,"column":4},"end":{"line":39,"column":4}}},"5":{"name":"mint","line":41,"loc":{"start":{"line":41,"column":4},"end":{"line":47,"column":4}}},"6":{"name":"burnFrom","line":49,"loc":{"start":{"line":49,"column":4},"end":{"line":62,"column":4}}},"7":{"name":"_approve","line":64,"loc":{"start":{"line":64,"column":4},"end":{"line":71,"column":4}}},"8":{"name":"_transfer","line":73,"loc":{"start":{"line":73,"column":4},"end":{"line":81,"column":4}}},"9":{"name":"approve","line":83,"loc":{"start":{"line":83,"column":4},"end":{"line":90,"column":4}}},"10":{"name":"transfer","line":92,"loc":{"start":{"line":92,"column":4},"end":{"line":99,"column":4}}},"11":{"name":"transferFrom","line":101,"loc":{"start":{"line":101,"column":4},"end":{"line":113,"column":4}}}},"statementMap":{"1":{"start":{"line":21,"column":8},"end":{"line":21,"column":31}},"2":{"start":{"line":25,"column":8},"end":{"line":25,"column":71}},"3":{"start":{"line":26,"column":8},"end":{"line":26,"column":31}},"4":{"start":{"line":30,"column":8},"end":{"line":30,"column":43}},"5":{"start":{"line":31,"column":8},"end":{"line":31,"column":47}},"6":{"start":{"line":32,"column":8},"end":{"line":32,"column":44}},"7":{"start":{"line":36,"column":8},"end":{"line":36,"column":51}},"8":{"start":{"line":37,"column":8},"end":{"line":37,"column":43}},"9":{"start":{"line":38,"column":8},"end":{"line":38,"column":46}},"10":{"start":{"line":42,"column":8},"end":{"line":42,"column":71}},"11":{"start":{"line":44,"column":8},"end":{"line":44,"column":23}},"12":{"start":{"line":45,"column":8},"end":{"line":45,"column":28}},"13":{"start":{"line":46,"column":8},"end":{"line":46,"column":19}},"14":{"start":{"line":54,"column":8},"end":{"line":54,"column":1707}},"15":{"start":{"line":59,"column":8},"end":{"line":59,"column":25}},"16":{"start":{"line":60,"column":8},"end":{"line":60,"column":30}},"17":{"start":{"line":61,"column":8},"end":{"line":61,"column":19}},"18":{"start":{"line":69,"column":8},"end":{"line":69,"column":40}},"19":{"start":{"line":70,"column":8},"end":{"line":70,"column":44}},"20":{"start":{"line":78,"column":8},"end":{"line":78,"column":51}},"21":{"start":{"line":79,"column":8},"end":{"line":79,"column":47}},"22":{"start":{"line":80,"column":8},"end":{"line":80,"column":38}},"23":{"start":{"line":88,"column":8},"end":{"line":88,"column":43}},"24":{"start":{"line":89,"column":8},"end":{"line":89,"column":19}},"25":{"start":{"line":97,"column":8},"end":{"line":97,"column":39}},"26":{"start":{"line":98,"column":8},"end":{"line":98,"column":19}},"27":{"start":{"line":106,"column":8},"end":{"line":106,"column":2886}},"28":{"start":{"line":107,"column":12},"end":{"line":107,"column":2952}},"29":{"start":{"line":111,"column":8},"end":{"line":111,"column":33}},"30":{"start":{"line":112,"column":8},"end":{"line":112,"column":19}}},"branchMap":{"1":{"line":25,"type":"if","locations":[{"start":{"line":25,"column":8},"end":{"line":25,"column":8}},{"start":{"line":25,"column":8},"end":{"line":25,"column":8}}]},"2":{"line":42,"type":"if","locations":[{"start":{"line":42,"column":8},"end":{"line":42,"column":8}},{"start":{"line":42,"column":8},"end":{"line":42,"column":8}}]},"3":{"line":54,"type":"if","locations":[{"start":{"line":54,"column":8},"end":{"line":54,"column":8}},{"start":{"line":54,"column":8},"end":{"line":54,"column":8}}]},"4":{"line":106,"type":"if","locations":[{"start":{"line":106,"column":8},"end":{"line":106,"column":8}},{"start":{"line":106,"column":8},"end":{"line":106,"column":8}}]}}},"contracts/tokens/SvrToken.sol":{"l":{"21":87,"25":28,"26":28,"30":27,"31":27,"32":27,"36":7,"37":7,"38":7,"42":27,"47":27,"48":27,"49":27,"57":7,"62":7,"63":7,"64":7,"72":0,"73":0,"81":0,"82":0,"83":0,"91":0,"92":0,"100":0,"101":0,"109":0,"110":0,"114":0,"115":0},"path":"/Users/ale/Desktop/sovreign-contracts/contracts/tokens/SvrToken.sol","s":{"1":87,"2":28,"3":28,"4":27,"5":27,"6":27,"7":7,"8":7,"9":7,"10":27,"11":27,"12":27,"13":27,"14":7,"15":7,"16":7,"17":7,"18":0,"19":0,"20":0,"21":0,"22":0,"23":0,"24":0,"25":0,"26":0,"27":0,"28":0,"29":0,"30":0},"b":{"1":[28,0],"2":[27,0],"3":[7,0],"4":[0,0]},"f":{"1":87,"2":28,"3":27,"4":7,"5":27,"6":7,"7":0,"8":0,"9":0,"10":0,"11":0},"fnMap":{"1":{"name":"constructor","line":20,"loc":{"start":{"line":20,"column":4},"end":{"line":22,"column":4}}},"2":{"name":"setController","line":24,"loc":{"start":{"line":24,"column":4},"end":{"line":27,"column":4}}},"3":{"name":"_mint","line":29,"loc":{"start":{"line":29,"column":4},"end":{"line":33,"column":4}}},"4":{"name":"_burn","line":35,"loc":{"start":{"line":35,"column":4},"end":{"line":39,"column":4}}},"5":{"name":"mint","line":41,"loc":{"start":{"line":41,"column":4},"end":{"line":50,"column":4}}},"6":{"name":"burnFrom","line":52,"loc":{"start":{"line":52,"column":4},"end":{"line":65,"column":4}}},"7":{"name":"_approve","line":67,"loc":{"start":{"line":67,"column":4},"end":{"line":74,"column":4}}},"8":{"name":"_transfer","line":76,"loc":{"start":{"line":76,"column":4},"end":{"line":84,"column":4}}},"9":{"name":"approve","line":86,"loc":{"start":{"line":86,"column":4},"end":{"line":93,"column":4}}},"10":{"name":"transfer","line":95,"loc":{"start":{"line":95,"column":4},"end":{"line":102,"column":4}}},"11":{"name":"transferFrom","line":104,"loc":{"start":{"line":104,"column":4},"end":{"line":116,"column":4}}}},"statementMap":{"1":{"start":{"line":21,"column":8},"end":{"line":21,"column":31}},"2":{"start":{"line":25,"column":8},"end":{"line":25,"column":71}},"3":{"start":{"line":26,"column":8},"end":{"line":26,"column":31}},"4":{"start":{"line":30,"column":8},"end":{"line":30,"column":43}},"5":{"start":{"line":31,"column":8},"end":{"line":31,"column":47}},"6":{"start":{"line":32,"column":8},"end":{"line":32,"column":44}},"7":{"start":{"line":36,"column":8},"end":{"line":36,"column":51}},"8":{"start":{"line":37,"column":8},"end":{"line":37,"column":43}},"9":{"start":{"line":38,"column":8},"end":{"line":38,"column":46}},"10":{"start":{"line":42,"column":8},"end":{"line":42,"column":1424}},"11":{"start":{"line":47,"column":8},"end":{"line":47,"column":23}},"12":{"start":{"line":48,"column":8},"end":{"line":48,"column":28}},"13":{"start":{"line":49,"column":8},"end":{"line":49,"column":19}},"14":{"start":{"line":57,"column":8},"end":{"line":57,"column":1749}},"15":{"start":{"line":62,"column":8},"end":{"line":62,"column":25}},"16":{"start":{"line":63,"column":8},"end":{"line":63,"column":30}},"17":{"start":{"line":64,"column":8},"end":{"line":64,"column":19}},"18":{"start":{"line":72,"column":8},"end":{"line":72,"column":40}},"19":{"start":{"line":73,"column":8},"end":{"line":73,"column":44}},"20":{"start":{"line":81,"column":8},"end":{"line":81,"column":51}},"21":{"start":{"line":82,"column":8},"end":{"line":82,"column":47}},"22":{"start":{"line":83,"column":8},"end":{"line":83,"column":38}},"23":{"start":{"line":91,"column":8},"end":{"line":91,"column":43}},"24":{"start":{"line":92,"column":8},"end":{"line":92,"column":19}},"25":{"start":{"line":100,"column":8},"end":{"line":100,"column":39}},"26":{"start":{"line":101,"column":8},"end":{"line":101,"column":19}},"27":{"start":{"line":109,"column":8},"end":{"line":109,"column":2928}},"28":{"start":{"line":110,"column":12},"end":{"line":110,"column":2994}},"29":{"start":{"line":114,"column":8},"end":{"line":114,"column":33}},"30":{"start":{"line":115,"column":8},"end":{"line":115,"column":19}}},"branchMap":{"1":{"line":25,"type":"if","locations":[{"start":{"line":25,"column":8},"end":{"line":25,"column":8}},{"start":{"line":25,"column":8},"end":{"line":25,"column":8}}]},"2":{"line":42,"type":"if","locations":[{"start":{"line":42,"column":8},"end":{"line":42,"column":8}},{"start":{"line":42,"column":8},"end":{"line":42,"column":8}}]},"3":{"line":57,"type":"if","locations":[{"start":{"line":57,"column":8},"end":{"line":57,"column":8}},{"start":{"line":57,"column":8},"end":{"line":57,"column":8}}]},"4":{"line":109,"type":"if","locations":[{"start":{"line":109,"column":8},"end":{"line":109,"column":8}},{"start":{"line":109,"column":8},"end":{"line":109,"column":8}}]}}}}